<?xml version="1.0" encoding="UTF-8"?>
<!-- Generated by org.testng.reporters.JUnitXMLReporter -->
<testsuite hostname="MaleneCruz" name="Command line test" tests="42" failures="14" timestamp="29 Jun 2016 12:41:06 GMT" time="0.29" errors="0">
  <testcase name="@BeforeMethod openBlogLanding" time="0.0" classname="testScripts.BlogTest">
    <failure type="java.lang.NullPointerException">
      <![CDATA[java.lang.NullPointerException
	at testScripts.BlogTest.openBlogLanding(BlogTest.java:14)
... Removed 36 stack frames]]>
    </failure>
  </testcase> <!-- @BeforeMethod openBlogLanding -->
  <testcase name="@BeforeMethod openHomepage" time="0.0" classname="testScripts.CurriculumPageTest">
    <failure type="java.lang.NullPointerException">
      <![CDATA[java.lang.NullPointerException
	at testScripts.CurriculumPageTest.openHomepage(CurriculumPageTest.java:15)
... Removed 36 stack frames]]>
    </failure>
  </testcase> <!-- @BeforeMethod openHomepage -->
  <testcase name="@BeforeMethod openHomepage" time="0.0" classname="testScripts.CurriculumPageTest">
    <skipped/>
  </testcase> <!-- @BeforeMethod openHomepage -->
  <testcase name="@BeforeMethod openInfoSess" time="0.0" classname="testScripts.HealthCoachingTest">
    <failure type="java.lang.NullPointerException">
      <![CDATA[java.lang.NullPointerException
	at testScripts.HealthCoachingTest.openInfoSess(HealthCoachingTest.java:19)
... Removed 36 stack frames]]>
    </failure>
  </testcase> <!-- @BeforeMethod openInfoSess -->
  <testcase name="@BeforeMethod openInfoSess" time="0.0" classname="testScripts.HealthCoachingTest">
    <skipped/>
  </testcase> <!-- @BeforeMethod openInfoSess -->
  <testcase name="@BeforeMethod openInfoSess" time="0.0" classname="testScripts.HealthCoachingTest">
    <skipped/>
  </testcase> <!-- @BeforeMethod openInfoSess -->
  <testcase name="@BeforeMethod openInfoSess" time="0.0" classname="testScripts.HealthCoachingTest">
    <skipped/>
  </testcase> <!-- @BeforeMethod openInfoSess -->
  <testcase name="@BeforeMethod openInfoSess" time="0.0" classname="testScripts.HealthCoachingTest">
    <skipped/>
  </testcase> <!-- @BeforeMethod openInfoSess -->
  <testcase name="@BeforeMethod openInfoSess" time="0.0" classname="testScripts.InfoSessionTest">
    <failure type="java.lang.NullPointerException">
      <![CDATA[java.lang.NullPointerException
	at testScripts.InfoSessionTest.openInfoSess(InfoSessionTest.java:18)
... Removed 36 stack frames]]>
    </failure>
  </testcase> <!-- @BeforeMethod openInfoSess -->
  <testcase name="@BeforeMethod openInfoSess" time="0.0" classname="testScripts.InfoSessionTest">
    <skipped/>
  </testcase> <!-- @BeforeMethod openInfoSess -->
  <testcase name="@BeforeMethod openInfoSess" time="0.0" classname="testScripts.InfoSessionTest">
    <skipped/>
  </testcase> <!-- @BeforeMethod openInfoSess -->
  <testcase name="@BeforeMethod clearCookies" time="0.0" classname="testScripts.PageLeadTest">
    <failure type="java.lang.NullPointerException">
      <![CDATA[java.lang.NullPointerException
	at testScripts.PageLeadTest.clearCookies(PageLeadTest.java:15)
... Removed 36 stack frames]]>
    </failure>
  </testcase> <!-- @BeforeMethod clearCookies -->
  <testcase name="@BeforeMethod clearCookies" time="0.0" classname="testScripts.PageLeadTest">
    <skipped/>
  </testcase> <!-- @BeforeMethod clearCookies -->
  <testcase name="@BeforeMethod clearCookies" time="0.0" classname="testScripts.PageLeadTest">
    <skipped/>
  </testcase> <!-- @BeforeMethod clearCookies -->
  <testcase name="@BeforeMethod clearCookies" time="0.0" classname="testScripts.PageLeadTest">
    <skipped/>
  </testcase> <!-- @BeforeMethod clearCookies -->
  <testcase name="@BeforeMethod clearCookies" time="0.0" classname="testScripts.PageLeadTest">
    <skipped/>
  </testcase> <!-- @BeforeMethod clearCookies -->
  <testcase name="@BeforeMethod clearCookies" time="0.0" classname="testScripts.PageLeadTest">
    <skipped/>
  </testcase> <!-- @BeforeMethod clearCookies -->
  <testcase name="@BeforeMethod clearCookies" time="0.0" classname="testScripts.PageLeadTest">
    <skipped/>
  </testcase> <!-- @BeforeMethod clearCookies -->
  <testcase name="@BeforeMethod clearCookies" time="0.0" classname="testScripts.PageLeadTest">
    <skipped/>
  </testcase> <!-- @BeforeMethod clearCookies -->
  <testcase name="@BeforeMethod clearCookies" time="0.0" classname="testScripts.PageLeadTest">
    <skipped/>
  </testcase> <!-- @BeforeMethod clearCookies -->
  <testcase name="@BeforeMethod clearCookies" time="0.0" classname="testScripts.PageLeadTest">
    <skipped/>
  </testcase> <!-- @BeforeMethod clearCookies -->
  <testcase name="@BeforeMethod clearCookies" time="0.0" classname="testScripts.PageLeadTest">
    <skipped/>
  </testcase> <!-- @BeforeMethod clearCookies -->
  <testcase name="@BeforeMethod clearCookies" time="0.0" classname="testScripts.PageLeadTest">
    <skipped/>
  </testcase> <!-- @BeforeMethod clearCookies -->
  <testcase name="@BeforeMethod clearCookies" time="0.0" classname="testScripts.PageLeadTest">
    <skipped/>
  </testcase> <!-- @BeforeMethod clearCookies -->
  <testcase name="@BeforeMethod clearCookies" time="0.0" classname="testScripts.PageLeadTest">
    <skipped/>
  </testcase> <!-- @BeforeMethod clearCookies -->
  <testcase name="@BeforeMethod clearCookies" time="0.0" classname="testScripts.PageLeadTest">
    <skipped/>
  </testcase> <!-- @BeforeMethod clearCookies -->
  <testcase name="@BeforeMethod openSCMpage" time="0.0" classname="testScripts.SampleClassModuleTest">
    <failure type="java.lang.NullPointerException">
      <![CDATA[java.lang.NullPointerException
	at testScripts.SampleClassModuleTest.openSCMpage(SampleClassModuleTest.java:16)
... Removed 36 stack frames]]>
    </failure>
  </testcase> <!-- @BeforeMethod openSCMpage -->
  <testcase name="@BeforeMethod openSCMpage" time="0.0" classname="testScripts.SampleClassModuleTest">
    <skipped/>
  </testcase> <!-- @BeforeMethod openSCMpage -->
  <testcase name="submitFormNoPhone" time="0.001" classname="testScripts.BlogTest">
    <skipped/>
  </testcase> <!-- submitFormNoPhone -->
  <testcase name="submitFormNoPhone" time="0.001" classname="testScripts.CurriculumPageTest">
    <skipped/>
  </testcase> <!-- submitFormNoPhone -->
  <testcase name="submitFormWithPhone" time="0.001" classname="testScripts.CurriculumPageTest">
    <skipped/>
  </testcase> <!-- submitFormWithPhone -->
  <testcase name="footerOpenGetSocial" time="0.005" classname="testScripts.FooterSocialMediaTest">
    <failure type="java.lang.NullPointerException">
      <![CDATA[java.lang.NullPointerException
	at objectRepository.Footer.clickFacebookIcon(Footer.java:224)
	at testScripts.FooterSocialMediaTest.footerOpenGetSocial(FooterSocialMediaTest.java:129)
... Removed 34 stack frames]]>
    </failure>
  </testcase> <!-- footerOpenGetSocial -->
  <testcase name="headerAboutUs" time="0.008" classname="testScripts.HeaderTest">
    <failure type="java.lang.NullPointerException">
      <![CDATA[java.lang.NullPointerException
	at org.openqa.selenium.interactions.Actions.<init>(Actions.java:44)
	at testScripts.HeaderTest.headerAboutUs(HeaderTest.java:127)
... Removed 34 stack frames]]>
    </failure>
  </testcase> <!-- headerAboutUs -->
  <testcase name="headerContactUs" time="0.001" classname="testScripts.HeaderTest">
    <failure type="java.lang.NullPointerException">
      <![CDATA[java.lang.NullPointerException
	at objectRepository.Header.clickContactUsIcon(Header.java:78)
	at testScripts.HeaderTest.headerContactUs(HeaderTest.java:52)
... Removed 34 stack frames]]>
    </failure>
  </testcase> <!-- headerContactUs -->
  <testcase name="headerCurric" time="0.0" classname="testScripts.HeaderTest">
    <failure type="java.lang.NullPointerException">
      <![CDATA[java.lang.NullPointerException
	at org.openqa.selenium.interactions.Actions.<init>(Actions.java:44)
	at testScripts.HeaderTest.headerCurric(HeaderTest.java:64)
... Removed 34 stack frames]]>
    </failure>
  </testcase> <!-- headerCurric -->
  <testcase name="headerHealthCoach" time="0.002" classname="testScripts.HeaderTest">
    <failure type="java.lang.NullPointerException">
      <![CDATA[java.lang.NullPointerException
	at org.openqa.selenium.interactions.Actions.<init>(Actions.java:44)
	at testScripts.HeaderTest.headerHealthCoach(HeaderTest.java:105)
... Removed 34 stack frames]]>
    </failure>
  </testcase> <!-- headerHealthCoach -->
  <testcase name="headerHomeIcon" time="0.001" classname="testScripts.HeaderTest">
    <failure type="java.lang.NullPointerException">
      <![CDATA[java.lang.NullPointerException
	at objectRepository.Header.clickHomeIcon(Header.java:24)
	at testScripts.HeaderTest.headerHomeIcon(HeaderTest.java:41)
... Removed 34 stack frames]]>
    </failure>
  </testcase> <!-- headerHomeIcon -->
  <testcase name="headerInfoSess" time="0.0" classname="testScripts.HeaderTest">
    <failure type="java.lang.NullPointerException">
      <![CDATA[java.lang.NullPointerException
	at org.openqa.selenium.interactions.Actions.<init>(Actions.java:44)
	at testScripts.HeaderTest.headerInfoSess(HeaderTest.java:85)
... Removed 34 stack frames]]>
    </failure>
  </testcase> <!-- headerInfoSess -->
  <testcase name="headerPhone" time="0.001" classname="testScripts.HeaderTest">
    <failure type="java.lang.NullPointerException">
      <![CDATA[java.lang.NullPointerException
	at testScripts.HeaderTest.headerPhone(HeaderTest.java:17)
... Removed 34 stack frames]]>
    </failure>
  </testcase> <!-- headerPhone -->
  <testcase name="headerSearch" time="0.001" classname="testScripts.HeaderTest">
    <failure type="java.lang.NullPointerException">
      <![CDATA[java.lang.NullPointerException
	at objectRepository.Header.conductSearch(Header.java:84)
	at testScripts.HeaderTest.headerSearch(HeaderTest.java:27)
... Removed 34 stack frames]]>
    </failure>
  </testcase> <!-- headerSearch -->
  <testcase name="countryFlagMatch" time="0.013" classname="testScripts.HealthCoachingTest">
    <skipped/>
  </testcase> <!-- countryFlagMatch -->
  <testcase name="emailValidation" time="0.001" classname="testScripts.HealthCoachingTest">
    <skipped/>
  </testcase> <!-- emailValidation -->
  <testcase name="nameValidation" time="0.0" classname="testScripts.HealthCoachingTest">
    <skipped/>
  </testcase> <!-- nameValidation -->
  <testcase name="submitFormNoPhone" time="0.005" classname="testScripts.HealthCoachingTest">
    <skipped/>
  </testcase> <!-- submitFormNoPhone -->
  <testcase name="submitFormWithPhone" time="0.001" classname="testScripts.HealthCoachingTest">
    <skipped/>
  </testcase> <!-- submitFormWithPhone -->
  <testcase name="bannerDisplayed" time="0.001" classname="testScripts.HomePageTest">
    <failure type="java.lang.NullPointerException">
      <![CDATA[java.lang.NullPointerException
	at testScripts.HomePageTest.bannerDisplayed(HomePageTest.java:16)
... Removed 34 stack frames]]>
    </failure>
  </testcase> <!-- bannerDisplayed -->
  <testcase name="countryFlagMatch" time="0.001" classname="testScripts.InfoSessionTest">
    <skipped/>
  </testcase> <!-- countryFlagMatch -->
  <testcase name="emailValidation" time="0.002" classname="testScripts.InfoSessionTest">
    <skipped/>
  </testcase> <!-- emailValidation -->
  <testcase name="nameValidation" time="0.001" classname="testScripts.InfoSessionTest">
    <skipped/>
  </testcase> <!-- nameValidation -->
  <testcase name="bannerDisplayed" time="0.001" classname="testScripts.PageLeadTest">
    <skipped/>
  </testcase> <!-- bannerDisplayed -->
  <testcase name="bannerDisplayedD" time="0.0" classname="testScripts.PageLeadTest">
    <skipped/>
  </testcase> <!-- bannerDisplayedD -->
  <testcase name="bannerDisplayedR" time="0.001" classname="testScripts.PageLeadTest">
    <skipped/>
  </testcase> <!-- bannerDisplayedR -->
  <testcase name="countryFlagMatch" time="0.0" classname="testScripts.PageLeadTest">
    <skipped/>
  </testcase> <!-- countryFlagMatch -->
  <testcase name="countryFlagMatchD" time="0.0" classname="testScripts.PageLeadTest">
    <skipped/>
  </testcase> <!-- countryFlagMatchD -->
  <testcase name="countryFlagMatchR" time="0.002" classname="testScripts.PageLeadTest">
    <skipped/>
  </testcase> <!-- countryFlagMatchR -->
  <testcase name="emailValidation" time="0.001" classname="testScripts.PageLeadTest">
    <skipped/>
  </testcase> <!-- emailValidation -->
  <testcase name="emailValidationD" time="0.0" classname="testScripts.PageLeadTest">
    <skipped/>
  </testcase> <!-- emailValidationD -->
  <testcase name="emailValidationR" time="0.0" classname="testScripts.PageLeadTest">
    <skipped/>
  </testcase> <!-- emailValidationR -->
  <testcase name="formSubmit" time="0.0" classname="testScripts.PageLeadTest">
    <skipped/>
  </testcase> <!-- formSubmit -->
  <testcase name="formSubmitD" time="0.0" classname="testScripts.PageLeadTest">
    <skipped/>
  </testcase> <!-- formSubmitD -->
  <testcase name="formSubmitR" time="0.001" classname="testScripts.PageLeadTest">
    <skipped/>
  </testcase> <!-- formSubmitR -->
  <testcase name="nameValidation" time="0.0" classname="testScripts.PageLeadTest">
    <skipped/>
  </testcase> <!-- nameValidation -->
  <testcase name="nameValidationD" time="0.0" classname="testScripts.PageLeadTest">
    <skipped/>
  </testcase> <!-- nameValidationD -->
  <testcase name="nameValidationR" time="0.001" classname="testScripts.PageLeadTest">
    <skipped/>
  </testcase> <!-- nameValidationR -->
  <testcase name="bannerDisplayed" time="0.0" classname="testScripts.SampleClassModuleTest">
    <skipped/>
  </testcase> <!-- bannerDisplayed -->
  <testcase name="videoPlay" time="0.0" classname="testScripts.SampleClassModuleTest">
    <skipped/>
  </testcase> <!-- videoPlay -->
  <testcase name="classTyBanner" time="0.001" classname="testScripts.ThankYouPagesTest">
    <failure type="java.lang.NullPointerException">
      <![CDATA[java.lang.NullPointerException
	at testScripts.ThankYouPagesTest.classTyBanner(ThankYouPagesTest.java:18)
... Removed 34 stack frames]]>
    </failure>
  </testcase> <!-- classTyBanner -->
  <testcase name="classTyPlay" time="0.001" classname="testScripts.ThankYouPagesTest">
    <failure type="java.lang.NullPointerException">
      <![CDATA[java.lang.NullPointerException
	at testScripts.ThankYouPagesTest.classTyPlay(ThankYouPagesTest.java:29)
... Removed 34 stack frames]]>
    </failure>
  </testcase> <!-- classTyPlay -->
  <testcase name="guideTyBanner" time="0.0" classname="testScripts.ThankYouPagesTest">
    <failure type="java.lang.NullPointerException">
      <![CDATA[java.lang.NullPointerException
	at testScripts.ThankYouPagesTest.guideTyBanner(ThankYouPagesTest.java:48)
... Removed 34 stack frames]]>
    </failure>
  </testcase> <!-- guideTyBanner -->
  <testcase name="guideTyPlay" time="0.0" classname="testScripts.ThankYouPagesTest">
    <failure type="java.lang.NullPointerException">
      <![CDATA[java.lang.NullPointerException
	at testScripts.ThankYouPagesTest.guideTyPlay(ThankYouPagesTest.java:59)
... Removed 34 stack frames]]>
    </failure>
  </testcase> <!-- guideTyPlay -->
</testsuite> <!-- Command line test -->
