-------------------------------------------------------------------------------
Test set: TestSuite
-------------------------------------------------------------------------------
Tests run: 63, Failures: 63, Errors: 0, Skipped: 0, Time elapsed: 4.668 sec <<< FAILURE!
videoPlay(com.IntegrativeNutrition.Marketing.Tests.Web.CurriculumPageTest)  Time elapsed: 0.021 sec  <<< FAILURE!
java.lang.NullPointerException
	at com.IntegrativeNutrition.Marketing.Pages.Screens.CurriculumPage(Screens.java:89)
	at com.IntegrativeNutrition.Marketing.Tests.Web.CurriculumPageTest.videoPlay(CurriculumPageTest.java:13)

formSubmitD(com.IntegrativeNutrition.Marketing.Tests.Web.PaidLeadTest)  Time elapsed: 0.004 sec  <<< FAILURE!
java.lang.NullPointerException
	at com.IntegrativeNutrition.Marketing.Pages.Screens.SampleNutritionClassPage_d(Screens.java:161)
	at com.IntegrativeNutrition.Marketing.Tests.Web.PaidLeadTest.formSubmitD(PaidLeadTest.java:192)

assertAboutOurFounderIsDisplayed(com.IntegrativeNutrition.Marketing.Tests.Web.AboutUsTest)  Time elapsed: 0.002 sec  <<< FAILURE!
java.lang.NullPointerException
	at com.IntegrativeNutrition.Marketing.Pages.Screens.AboutUsPage(Screens.java:44)
	at com.IntegrativeNutrition.Marketing.Tests.Web.AboutUsTest.assertAboutOurFounderIsDisplayed(AboutUsTest.java:29)

assertBannerIsDisplayed(com.IntegrativeNutrition.Marketing.Tests.Web.AboutUsTest)  Time elapsed: 0.015 sec  <<< FAILURE!
java.lang.NullPointerException
	at com.IntegrativeNutrition.Marketing.Pages.Screens.AboutUsPage(Screens.java:44)
	at com.IntegrativeNutrition.Marketing.Tests.Web.AboutUsTest.assertBannerIsDisplayed(AboutUsTest.java:15)

assertOurBoardOfAdvisorsIsDisplayed(com.IntegrativeNutrition.Marketing.Tests.Web.AboutUsTest)  Time elapsed: 0.014 sec  <<< FAILURE!
java.lang.NullPointerException
	at com.IntegrativeNutrition.Marketing.Pages.Screens.AboutUsPage(Screens.java:44)
	at com.IntegrativeNutrition.Marketing.Tests.Web.AboutUsTest.assertOurBoardOfAdvisorsIsDisplayed(AboutUsTest.java:43)

assertOurCoreValuesIsDisplayed(com.IntegrativeNutrition.Marketing.Tests.Web.AboutUsTest)  Time elapsed: 0.003 sec  <<< FAILURE!
java.lang.NullPointerException
	at com.IntegrativeNutrition.Marketing.Pages.Screens.AboutUsPage(Screens.java:44)
	at com.IntegrativeNutrition.Marketing.Tests.Web.AboutUsTest.assertOurCoreValuesIsDisplayed(AboutUsTest.java:36)

assertOurHistoryIsDisplayed(com.IntegrativeNutrition.Marketing.Tests.Web.AboutUsTest)  Time elapsed: 0.003 sec  <<< FAILURE!
java.lang.NullPointerException
	at com.IntegrativeNutrition.Marketing.Pages.Screens.AboutUsPage(Screens.java:44)
	at com.IntegrativeNutrition.Marketing.Tests.Web.AboutUsTest.assertOurHistoryIsDisplayed(AboutUsTest.java:22)

videoPlay(com.IntegrativeNutrition.Marketing.Tests.Web.AboutUsTest)  Time elapsed: 0.003 sec  <<< FAILURE!
java.lang.NullPointerException
	at com.IntegrativeNutrition.Marketing.Pages.Screens.AboutUsPage(Screens.java:44)
	at com.IntegrativeNutrition.Marketing.Tests.Web.AboutUsTest.videoPlay(AboutUsTest.java:50)

bannerDisplayed(com.IntegrativeNutrition.Marketing.Tests.Web.BlogTest)  Time elapsed: 0.001 sec  <<< FAILURE!
java.lang.NullPointerException
	at com.IntegrativeNutrition.Marketing.Pages.Screens.BlogElements(Screens.java:80)
	at com.IntegrativeNutrition.Marketing.Tests.Web.BlogTest.bannerDisplayed(BlogTest.java:13)

submitFormNoPhone(com.IntegrativeNutrition.Marketing.Tests.Web.BlogTest)  Time elapsed: 0.006 sec  <<< FAILURE!
java.lang.NullPointerException
	at com.IntegrativeNutrition.Marketing.Pages.Screens.BlogElements(Screens.java:80)
	at com.IntegrativeNutrition.Marketing.Tests.Web.BlogTest.submitFormNoPhone(BlogTest.java:20)

assertBannerIsDisplayed(com.IntegrativeNutrition.Marketing.Tests.Web.ContactUsTest)  Time elapsed: 0.002 sec  <<< FAILURE!
java.lang.NullPointerException
	at com.IntegrativeNutrition.Marketing.Pages.Screens.ContactUsPage(Screens.java:53)
	at com.IntegrativeNutrition.Marketing.Tests.Web.ContactUsTest.assertBannerIsDisplayed(ContactUsTest.java:16)

assertContactInformationIsDisplayed(com.IntegrativeNutrition.Marketing.Tests.Web.ContactUsTest)  Time elapsed: 0.002 sec  <<< FAILURE!
java.lang.NullPointerException
	at com.IntegrativeNutrition.Marketing.Pages.Screens.ContactUsPage(Screens.java:53)
	at com.IntegrativeNutrition.Marketing.Tests.Web.ContactUsTest.assertContactInformationIsDisplayed(ContactUsTest.java:30)

assertLetsConnectIsDisplayed(com.IntegrativeNutrition.Marketing.Tests.Web.ContactUsTest)  Time elapsed: 0.001 sec  <<< FAILURE!
java.lang.NullPointerException
	at com.IntegrativeNutrition.Marketing.Pages.Screens.ContactUsPage(Screens.java:53)
	at com.IntegrativeNutrition.Marketing.Tests.Web.ContactUsTest.assertLetsConnectIsDisplayed(ContactUsTest.java:23)

verifyForm(com.IntegrativeNutrition.Marketing.Tests.Web.ContactUsTest)  Time elapsed: 0.001 sec  <<< FAILURE!
java.lang.NullPointerException
	at com.IntegrativeNutrition.Marketing.Pages.Screens.ContactUsPage(Screens.java:53)
	at com.IntegrativeNutrition.Marketing.Tests.Web.ContactUsTest.verifyForm(ContactUsTest.java:37)

submitFormNoPhone(com.IntegrativeNutrition.Marketing.Tests.Web.CurriculumPageTest)  Time elapsed: 0.007 sec  <<< FAILURE!
java.lang.NullPointerException
	at com.IntegrativeNutrition.Marketing.Pages.Forms.inputName(Forms.java:104)
	at com.IntegrativeNutrition.Marketing.Tests.Web.CurriculumPageTest.submitFormNoPhone(CurriculumPageTest.java:22)

submitFormWithPhone(com.IntegrativeNutrition.Marketing.Tests.Web.CurriculumPageTest)  Time elapsed: 0 sec  <<< FAILURE!
java.lang.NullPointerException
	at com.IntegrativeNutrition.Marketing.Pages.Forms.inputName(Forms.java:104)
	at com.IntegrativeNutrition.Marketing.Tests.Web.CurriculumPageTest.submitFormWithPhone(CurriculumPageTest.java:30)

assertCorrectAmazonLinkIcon(com.IntegrativeNutrition.Marketing.Tests.Web.FooterSocialMediaTest)  Time elapsed: 0.001 sec  <<< FAILURE!
java.lang.NullPointerException
	at com.IntegrativeNutrition.Marketing.Pages.Screens.Footer(Screens.java:35)
	at com.IntegrativeNutrition.Marketing.Tests.Web.FooterSocialMediaTest.assertCorrectAmazonLinkIcon(FooterSocialMediaTest.java:82)

assertCorrectFacebookLinkIcon(com.IntegrativeNutrition.Marketing.Tests.Web.FooterSocialMediaTest)  Time elapsed: 0.002 sec  <<< FAILURE!
java.lang.NullPointerException
	at com.IntegrativeNutrition.Marketing.Pages.Screens.Footer(Screens.java:35)
	at com.IntegrativeNutrition.Marketing.Tests.Web.FooterSocialMediaTest.assertCorrectFacebookLinkIcon(FooterSocialMediaTest.java:19)

assertCorrectGooglePlusLinkIcon(com.IntegrativeNutrition.Marketing.Tests.Web.FooterSocialMediaTest)  Time elapsed: 0.001 sec  <<< FAILURE!
java.lang.NullPointerException
	at com.IntegrativeNutrition.Marketing.Pages.Screens.Footer(Screens.java:35)
	at com.IntegrativeNutrition.Marketing.Tests.Web.FooterSocialMediaTest.assertCorrectGooglePlusLinkIcon(FooterSocialMediaTest.java:73)

assertCorrectInstagramLinkIcon(com.IntegrativeNutrition.Marketing.Tests.Web.FooterSocialMediaTest)  Time elapsed: 0.001 sec  <<< FAILURE!
java.lang.NullPointerException
	at com.IntegrativeNutrition.Marketing.Pages.Screens.Footer(Screens.java:35)
	at com.IntegrativeNutrition.Marketing.Tests.Web.FooterSocialMediaTest.assertCorrectInstagramLinkIcon(FooterSocialMediaTest.java:28)

assertCorrectLinkedInLinkIcon(com.IntegrativeNutrition.Marketing.Tests.Web.FooterSocialMediaTest)  Time elapsed: 0.006 sec  <<< FAILURE!
java.lang.NullPointerException
	at com.IntegrativeNutrition.Marketing.Pages.Screens.Footer(Screens.java:35)
	at com.IntegrativeNutrition.Marketing.Tests.Web.FooterSocialMediaTest.assertCorrectLinkedInLinkIcon(FooterSocialMediaTest.java:64)

assertCorrectPinterestLinkIcon(com.IntegrativeNutrition.Marketing.Tests.Web.FooterSocialMediaTest)  Time elapsed: 0.001 sec  <<< FAILURE!
java.lang.NullPointerException
	at com.IntegrativeNutrition.Marketing.Pages.Screens.Footer(Screens.java:35)
	at com.IntegrativeNutrition.Marketing.Tests.Web.FooterSocialMediaTest.assertCorrectPinterestLinkIcon(FooterSocialMediaTest.java:55)

assertCorrectTwitterLinkIcon(com.IntegrativeNutrition.Marketing.Tests.Web.FooterSocialMediaTest)  Time elapsed: 0.004 sec  <<< FAILURE!
java.lang.NullPointerException
	at com.IntegrativeNutrition.Marketing.Pages.Screens.Footer(Screens.java:35)
	at com.IntegrativeNutrition.Marketing.Tests.Web.FooterSocialMediaTest.assertCorrectTwitterLinkIcon(FooterSocialMediaTest.java:37)

assertCorrectYouTubeLinkIcon(com.IntegrativeNutrition.Marketing.Tests.Web.FooterSocialMediaTest)  Time elapsed: 0.001 sec  <<< FAILURE!
java.lang.NullPointerException
	at com.IntegrativeNutrition.Marketing.Pages.Screens.Footer(Screens.java:35)
	at com.IntegrativeNutrition.Marketing.Tests.Web.FooterSocialMediaTest.assertCorrectYouTubeLinkIcon(FooterSocialMediaTest.java:46)

assertHeaderPhoneisDisplayed(com.IntegrativeNutrition.Marketing.Tests.Web.HeaderTest)  Time elapsed: 0.001 sec  <<< FAILURE!
java.lang.NullPointerException
	at com.IntegrativeNutrition.Marketing.Pages.Screens.Header(Screens.java:71)
	at com.IntegrativeNutrition.Marketing.Tests.Web.HeaderTest.assertHeaderPhoneisDisplayed(HeaderTest.java:15)

headerAboutUs(com.IntegrativeNutrition.Marketing.Tests.Web.HeaderTest)  Time elapsed: 0.001 sec  <<< FAILURE!
java.lang.NullPointerException
	at com.IntegrativeNutrition.Marketing.Pages.Screens.Header(Screens.java:71)
	at com.IntegrativeNutrition.Marketing.Tests.Web.HeaderTest.headerAboutUs(HeaderTest.java:88)

headerContactUs(com.IntegrativeNutrition.Marketing.Tests.Web.HeaderTest)  Time elapsed: 0.002 sec  <<< FAILURE!
java.lang.NullPointerException
	at com.IntegrativeNutrition.Marketing.Pages.Screens.Header(Screens.java:71)
	at com.IntegrativeNutrition.Marketing.Tests.Web.HeaderTest.headerContactUs(HeaderTest.java:52)

headerCurric(com.IntegrativeNutrition.Marketing.Tests.Web.HeaderTest)  Time elapsed: 0.004 sec  <<< FAILURE!
java.lang.NullPointerException
	at com.IntegrativeNutrition.Marketing.Pages.Screens.Header(Screens.java:71)
	at com.IntegrativeNutrition.Marketing.Tests.Web.HeaderTest.headerCurric(HeaderTest.java:61)

headerHealthCoach(com.IntegrativeNutrition.Marketing.Tests.Web.HeaderTest)  Time elapsed: 0.001 sec  <<< FAILURE!
java.lang.NullPointerException
	at com.IntegrativeNutrition.Marketing.Pages.Screens.Header(Screens.java:71)
	at com.IntegrativeNutrition.Marketing.Tests.Web.HeaderTest.headerHealthCoach(HeaderTest.java:79)

headerHomeIcon(com.IntegrativeNutrition.Marketing.Tests.Web.HeaderTest)  Time elapsed: 0.001 sec  <<< FAILURE!
java.lang.NullPointerException
	at com.IntegrativeNutrition.Marketing.Pages.Screens.Header(Screens.java:71)
	at com.IntegrativeNutrition.Marketing.Tests.Web.HeaderTest.headerHomeIcon(HeaderTest.java:43)

headerInfoSess(com.IntegrativeNutrition.Marketing.Tests.Web.HeaderTest)  Time elapsed: 0.001 sec  <<< FAILURE!
java.lang.NullPointerException
	at com.IntegrativeNutrition.Marketing.Pages.Screens.Header(Screens.java:71)
	at com.IntegrativeNutrition.Marketing.Tests.Web.HeaderTest.headerInfoSess(HeaderTest.java:70)

headerSearch(com.IntegrativeNutrition.Marketing.Tests.Web.HeaderTest)  Time elapsed: 0.001 sec  <<< FAILURE!
java.lang.NullPointerException
	at com.IntegrativeNutrition.Marketing.Pages.Screens.Header(Screens.java:71)
	at com.IntegrativeNutrition.Marketing.Tests.Web.HeaderTest.headerSearch(HeaderTest.java:22)

headerSearchNoResults(com.IntegrativeNutrition.Marketing.Tests.Web.HeaderTest)  Time elapsed: 0.001 sec  <<< FAILURE!
java.lang.NullPointerException
	at com.IntegrativeNutrition.Marketing.Pages.Screens.Header(Screens.java:71)
	at com.IntegrativeNutrition.Marketing.Tests.Web.HeaderTest.headerSearchNoResults(HeaderTest.java:31)

countryFlagMatch(com.IntegrativeNutrition.Marketing.Tests.Web.HealthCoachingTest)  Time elapsed: 0.001 sec  <<< FAILURE!
java.lang.NullPointerException
	at com.IntegrativeNutrition.Marketing.Pages.Screens.HealthCoachingPage(Screens.java:116)
	at com.IntegrativeNutrition.Marketing.Tests.Web.HealthCoachingTest.countryFlagMatch(HealthCoachingTest.java:38)

emailValidation(com.IntegrativeNutrition.Marketing.Tests.Web.HealthCoachingTest)  Time elapsed: 0.001 sec  <<< FAILURE!
java.lang.NullPointerException
	at com.IntegrativeNutrition.Marketing.Pages.Screens.HealthCoachingPage(Screens.java:116)
	at com.IntegrativeNutrition.Marketing.Tests.Web.HealthCoachingTest.emailValidation(HealthCoachingTest.java:27)

nameValidation(com.IntegrativeNutrition.Marketing.Tests.Web.HealthCoachingTest)  Time elapsed: 0.002 sec  <<< FAILURE!
java.lang.NullPointerException
	at com.IntegrativeNutrition.Marketing.Pages.Screens.HealthCoachingPage(Screens.java:116)
	at com.IntegrativeNutrition.Marketing.Tests.Web.HealthCoachingTest.nameValidation(HealthCoachingTest.java:16)

submitFormNoPhone(com.IntegrativeNutrition.Marketing.Tests.Web.HealthCoachingTest)  Time elapsed: 0.001 sec  <<< FAILURE!
java.lang.NullPointerException
	at com.IntegrativeNutrition.Marketing.Pages.Forms.inputName(Forms.java:104)
	at com.IntegrativeNutrition.Marketing.Tests.Web.HealthCoachingTest.submitFormNoPhone(HealthCoachingTest.java:68)

submitFormWithPhone(com.IntegrativeNutrition.Marketing.Tests.Web.HealthCoachingTest)  Time elapsed: 0.001 sec  <<< FAILURE!
java.lang.NullPointerException
	at com.IntegrativeNutrition.Marketing.Pages.Forms.inputName(Forms.java:104)
	at com.IntegrativeNutrition.Marketing.Tests.Web.HealthCoachingTest.submitFormWithPhone(HealthCoachingTest.java:76)

videoPlay(com.IntegrativeNutrition.Marketing.Tests.Web.HealthCoachingTest)  Time elapsed: 0 sec  <<< FAILURE!
java.lang.NullPointerException
	at com.IntegrativeNutrition.Marketing.Pages.Screens.HealthCoachingPage(Screens.java:116)
	at com.IntegrativeNutrition.Marketing.Tests.Web.HealthCoachingTest.videoPlay(HealthCoachingTest.java:59)

videoPlay(com.IntegrativeNutrition.Marketing.Tests.Web.HomePageTest)  Time elapsed: 0.001 sec  <<< FAILURE!
java.lang.NullPointerException
	at com.IntegrativeNutrition.Marketing.Pages.Screens.HomePage(Screens.java:62)
	at com.IntegrativeNutrition.Marketing.Tests.Web.HomePageTest.videoPlay(HomePageTest.java:29)

countryFlagMatch(com.IntegrativeNutrition.Marketing.Tests.Web.InfoSessionTest)  Time elapsed: 0.005 sec  <<< FAILURE!
java.lang.NullPointerException
	at com.IntegrativeNutrition.Marketing.Pages.Screens.InfoSessionsPage(Screens.java:125)
	at com.IntegrativeNutrition.Marketing.Tests.Web.InfoSessionTest.countryFlagMatch(InfoSessionTest.java:35)

emailValidation(com.IntegrativeNutrition.Marketing.Tests.Web.InfoSessionTest)  Time elapsed: 0.001 sec  <<< FAILURE!
java.lang.NullPointerException
	at com.IntegrativeNutrition.Marketing.Pages.Screens.InfoSessionsPage(Screens.java:125)
	at com.IntegrativeNutrition.Marketing.Tests.Web.InfoSessionTest.emailValidation(InfoSessionTest.java:24)

nameValidation(com.IntegrativeNutrition.Marketing.Tests.Web.InfoSessionTest)  Time elapsed: 0.002 sec  <<< FAILURE!
java.lang.NullPointerException
	at com.IntegrativeNutrition.Marketing.Pages.Screens.InfoSessionsPage(Screens.java:125)
	at com.IntegrativeNutrition.Marketing.Tests.Web.InfoSessionTest.nameValidation(InfoSessionTest.java:14)

assertBannerIsDisplayed(com.IntegrativeNutrition.Marketing.Tests.Web.PaidLeadTest)  Time elapsed: 0.001 sec  <<< FAILURE!
java.lang.NullPointerException
	at com.IntegrativeNutrition.Marketing.Pages.Screens.SampleNutritionClassPage(Screens.java:143)
	at com.IntegrativeNutrition.Marketing.Tests.Web.PaidLeadTest.assertBannerIsDisplayed(PaidLeadTest.java:21)

bannerDisplayedD(com.IntegrativeNutrition.Marketing.Tests.Web.PaidLeadTest)  Time elapsed: 0.001 sec  <<< FAILURE!
java.lang.NullPointerException
	at com.IntegrativeNutrition.Marketing.Pages.Screens.SampleNutritionClassPage_d(Screens.java:161)
	at com.IntegrativeNutrition.Marketing.Tests.Web.PaidLeadTest.bannerDisplayedD(PaidLeadTest.java:147)

bannerDisplayedR(com.IntegrativeNutrition.Marketing.Tests.Web.PaidLeadTest)  Time elapsed: 0.002 sec  <<< FAILURE!
java.lang.NullPointerException
	at com.IntegrativeNutrition.Marketing.Pages.Screens.SampleNutritionClassPage_r(Screens.java:152)
	at com.IntegrativeNutrition.Marketing.Tests.Web.PaidLeadTest.bannerDisplayedR(PaidLeadTest.java:86)

countryFlagMatch(com.IntegrativeNutrition.Marketing.Tests.Web.PaidLeadTest)  Time elapsed: 0 sec  <<< FAILURE!
java.lang.NullPointerException
	at com.IntegrativeNutrition.Marketing.Pages.Screens.SampleNutritionClassPage(Screens.java:143)
	at com.IntegrativeNutrition.Marketing.Tests.Web.PaidLeadTest.countryFlagMatch(PaidLeadTest.java:51)

countryFlagMatchD(com.IntegrativeNutrition.Marketing.Tests.Web.PaidLeadTest)  Time elapsed: 0.001 sec  <<< FAILURE!
java.lang.NullPointerException
	at com.IntegrativeNutrition.Marketing.Pages.Screens.SampleNutritionClassPage_d(Screens.java:161)
	at com.IntegrativeNutrition.Marketing.Tests.Web.PaidLeadTest.countryFlagMatchD(PaidLeadTest.java:176)

countryFlagMatchR(com.IntegrativeNutrition.Marketing.Tests.Web.PaidLeadTest)  Time elapsed: 0.001 sec  <<< FAILURE!
java.lang.NullPointerException
	at com.IntegrativeNutrition.Marketing.Pages.Screens.SampleNutritionClassPage_r(Screens.java:152)
	at com.IntegrativeNutrition.Marketing.Tests.Web.PaidLeadTest.countryFlagMatchR(PaidLeadTest.java:115)

emailValidation(com.IntegrativeNutrition.Marketing.Tests.Web.PaidLeadTest)  Time elapsed: 0.001 sec  <<< FAILURE!
java.lang.NullPointerException
	at com.IntegrativeNutrition.Marketing.Pages.Screens.SampleNutritionClassPage(Screens.java:143)
	at com.IntegrativeNutrition.Marketing.Tests.Web.PaidLeadTest.emailValidation(PaidLeadTest.java:41)

emailValidationD(com.IntegrativeNutrition.Marketing.Tests.Web.PaidLeadTest)  Time elapsed: 0.002 sec  <<< FAILURE!
java.lang.NullPointerException
	at com.IntegrativeNutrition.Marketing.Pages.Screens.SampleNutritionClassPage_d(Screens.java:161)
	at com.IntegrativeNutrition.Marketing.Tests.Web.PaidLeadTest.emailValidationD(PaidLeadTest.java:166)

emailValidationR(com.IntegrativeNutrition.Marketing.Tests.Web.PaidLeadTest)  Time elapsed: 0.001 sec  <<< FAILURE!
java.lang.NullPointerException
	at com.IntegrativeNutrition.Marketing.Pages.Screens.SampleNutritionClassPage_r(Screens.java:152)
	at com.IntegrativeNutrition.Marketing.Tests.Web.PaidLeadTest.emailValidationR(PaidLeadTest.java:106)

formSubmit(com.IntegrativeNutrition.Marketing.Tests.Web.PaidLeadTest)  Time elapsed: 0 sec  <<< FAILURE!
java.lang.NullPointerException
	at com.IntegrativeNutrition.Marketing.Pages.Screens.SampleNutritionClassPage(Screens.java:143)
	at com.IntegrativeNutrition.Marketing.Tests.Web.PaidLeadTest.formSubmit(PaidLeadTest.java:70)

formSubmitR(com.IntegrativeNutrition.Marketing.Tests.Web.PaidLeadTest)  Time elapsed: 0.001 sec  <<< FAILURE!
java.lang.NullPointerException
	at com.IntegrativeNutrition.Marketing.Pages.Screens.SampleNutritionClassPage_r(Screens.java:152)
	at com.IntegrativeNutrition.Marketing.Tests.Web.PaidLeadTest.formSubmitR(PaidLeadTest.java:133)

nameValidation(com.IntegrativeNutrition.Marketing.Tests.Web.PaidLeadTest)  Time elapsed: 0.001 sec  <<< FAILURE!
java.lang.NullPointerException
	at com.IntegrativeNutrition.Marketing.Pages.Screens.SampleNutritionClassPage(Screens.java:143)
	at com.IntegrativeNutrition.Marketing.Tests.Web.PaidLeadTest.nameValidation(PaidLeadTest.java:30)

nameValidationD(com.IntegrativeNutrition.Marketing.Tests.Web.PaidLeadTest)  Time elapsed: 0.001 sec  <<< FAILURE!
java.lang.NullPointerException
	at com.IntegrativeNutrition.Marketing.Pages.Screens.SampleNutritionClassPage_d(Screens.java:161)
	at com.IntegrativeNutrition.Marketing.Tests.Web.PaidLeadTest.nameValidationD(PaidLeadTest.java:156)

nameValidationR(com.IntegrativeNutrition.Marketing.Tests.Web.PaidLeadTest)  Time elapsed: 0.017 sec  <<< FAILURE!
java.lang.NullPointerException
	at com.IntegrativeNutrition.Marketing.Pages.Screens.SampleNutritionClassPage_r(Screens.java:152)
	at com.IntegrativeNutrition.Marketing.Tests.Web.PaidLeadTest.nameValidationR(PaidLeadTest.java:95)

bannerDisplayed(com.IntegrativeNutrition.Marketing.Tests.Web.SampleClassModuleTest)  Time elapsed: 0 sec  <<< FAILURE!
java.lang.NullPointerException
	at com.IntegrativeNutrition.Marketing.Pages.Screens.SampleClassModulePage(Screens.java:134)
	at com.IntegrativeNutrition.Marketing.Tests.Web.SampleClassModuleTest.bannerDisplayed(SampleClassModuleTest.java:13)

videoPlay(com.IntegrativeNutrition.Marketing.Tests.Web.SampleClassModuleTest)  Time elapsed: 0 sec  <<< FAILURE!
java.lang.NullPointerException
	at com.IntegrativeNutrition.Marketing.Pages.Screens.SampleClassModulePage(Screens.java:134)
	at com.IntegrativeNutrition.Marketing.Tests.Web.SampleClassModuleTest.videoPlay(SampleClassModuleTest.java:21)

assertBannerIsDisplayed(com.IntegrativeNutrition.Marketing.Tests.Web.ThankYouPagesTest)  Time elapsed: 0.001 sec  <<< FAILURE!
java.lang.NullPointerException
	at com.IntegrativeNutrition.Marketing.Pages.Screens.GuideThankYou(Screens.java:98)
	at com.IntegrativeNutrition.Marketing.Tests.Web.ThankYouPagesTest.assertBannerIsDisplayed(ThankYouPagesTest.java:40)

guideTyPlay(com.IntegrativeNutrition.Marketing.Tests.Web.ThankYouPagesTest)  Time elapsed: 0 sec  <<< FAILURE!
java.lang.NullPointerException
	at com.IntegrativeNutrition.Marketing.Pages.Screens.GuideThankYou(Screens.java:98)
	at com.IntegrativeNutrition.Marketing.Tests.Web.ThankYouPagesTest.guideTyPlay(ThankYouPagesTest.java:47)

verifyBannerIsDisplayed(com.IntegrativeNutrition.Marketing.Tests.Web.ThankYouPagesTest)  Time elapsed: 0.001 sec  <<< FAILURE!
java.lang.NullPointerException
	at com.IntegrativeNutrition.Marketing.Pages.Screens.GuideThankYou(Screens.java:98)
	at com.IntegrativeNutrition.Marketing.Tests.Web.ThankYouPagesTest.verifyBannerIsDisplayed(ThankYouPagesTest.java:17)

videoPlay(com.IntegrativeNutrition.Marketing.Tests.Web.ThankYouPagesTest)  Time elapsed: 0.001 sec  <<< FAILURE!
java.lang.NullPointerException
	at com.IntegrativeNutrition.Marketing.Pages.Screens.ClassThankYou(Screens.java:107)
	at com.IntegrativeNutrition.Marketing.Tests.Web.ThankYouPagesTest.videoPlay(ThankYouPagesTest.java:25)

