<?xml version="1.0" encoding="UTF-8" ?>
<testsuite tests="63" failures="49" name="TestSuite" time="566.274" errors="0" skipped="0">
  <properties>
[...]
</properties>
  <testcase classname="com.IntegrativeNutrition.Marketing.Tests.Web.AboutUsTest" name="assertAboutOurFounderIsDisplayed" time="13.101"/>
  <testcase classname="com.IntegrativeNutrition.Marketing.Tests.Web.AboutUsTest" name="assertBannerIsDisplayed" time="1.636"/>
  <testcase classname="com.IntegrativeNutrition.Marketing.Tests.Web.AboutUsTest" name="assertOurBoardOfAdvisorsIsDisplayed" time="1.113"/>
  <testcase classname="com.IntegrativeNutrition.Marketing.Tests.Web.AboutUsTest" name="assertOurCoreValuesIsDisplayed" time="1.086"/>
  <testcase classname="com.IntegrativeNutrition.Marketing.Tests.Web.AboutUsTest" name="assertOurHistoryIsDisplayed" time="0.964"/>
  <testcase classname="com.IntegrativeNutrition.Marketing.Tests.Web.AboutUsTest" name="videoPlay" time="1.106">
    <failure message="invalid selector: Unable to locate an element with the xpath expression css=div.play-button.center-block because of the following error:
TypeError: Failed to execute &apos;evaluate&apos; on &apos;Document&apos;: The result is not a node set, and therefore cannot be converted to the desired type.
  (Session info: chrome=51.0.2704.103)
  (Driver info: chromedriver=2.22.397929 (fb72fb249a903a0b1041ea71eb4c8b3fa0d9be5a),platform=Mac OS X 10.11.5 x86_64) (WARNING: The server did not provide any stacktrace information)
Command duration or timeout: 49 milliseconds
For documentation on this error, please visit: http://seleniumhq.org/exceptions/invalid_selector_exception.html
Build info: version: &apos;2.53.0&apos;, revision: &apos;35ae25b1534ae328c771e0856c93e187490ca824&apos;, time: &apos;2016-03-15 10:43:46&apos;
System info: host: &apos;Alexs-MBP&apos;, ip: &apos;10.10.0.254&apos;, os.name: &apos;Mac OS X&apos;, os.arch: &apos;x86_64&apos;, os.version: &apos;10.11.5&apos;, java.version: &apos;1.8.0_91&apos;
Driver info: org.openqa.selenium.chrome.ChromeDriver
Capabilities [{applicationCacheEnabled=false, rotatable=false, mobileEmulationEnabled=false, chrome={chromedriverVersion=2.22.397929 (fb72fb249a903a0b1041ea71eb4c8b3fa0d9be5a), userDataDir=/var/folders/21/jx_p6g5x53b643vfr7mcn2j00000gn/T/.org.chromium.Chromium.lElO1U}, takesHeapSnapshot=true, databaseEnabled=false, handlesAlerts=true, hasTouchScreen=false, version=51.0.2704.103, platform=MAC, browserConnectionEnabled=false, nativeEvents=true, acceptSslCerts=true, locationContextEnabled=true, webStorageEnabled=true, browserName=chrome, takesScreenshot=true, javascriptEnabled=true, cssSelectorsEnabled=true}]
Session ID: 8d30ba53cc855a09d9811a4df31f1910
*** Element info: {Using=xpath, value=css=div.play-button.center-block}" type="org.openqa.selenium.InvalidSelectorException">org.openqa.selenium.InvalidSelectorException: invalid selector: Unable to locate an element with the xpath expression css=div.play-button.center-block because of the following error:
TypeError: Failed to execute &apos;evaluate&apos; on &apos;Document&apos;: The result is not a node set, and therefore cannot be converted to the desired type.
  (Session info: chrome=51.0.2704.103)
  (Driver info: chromedriver=2.22.397929 (fb72fb249a903a0b1041ea71eb4c8b3fa0d9be5a),platform=Mac OS X 10.11.5 x86_64) (WARNING: The server did not provide any stacktrace information)
Command duration or timeout: 49 milliseconds
For documentation on this error, please visit: http://seleniumhq.org/exceptions/invalid_selector_exception.html
Build info: version: &apos;2.53.0&apos;, revision: &apos;35ae25b1534ae328c771e0856c93e187490ca824&apos;, time: &apos;2016-03-15 10:43:46&apos;
System info: host: &apos;Alexs-MBP&apos;, ip: &apos;10.10.0.254&apos;, os.name: &apos;Mac OS X&apos;, os.arch: &apos;x86_64&apos;, os.version: &apos;10.11.5&apos;, java.version: &apos;1.8.0_91&apos;
Driver info: org.openqa.selenium.chrome.ChromeDriver
Capabilities [{applicationCacheEnabled=false, rotatable=false, mobileEmulationEnabled=false, chrome={chromedriverVersion=2.22.397929 (fb72fb249a903a0b1041ea71eb4c8b3fa0d9be5a), userDataDir=/var/folders/21/jx_p6g5x53b643vfr7mcn2j00000gn/T/.org.chromium.Chromium.lElO1U}, takesHeapSnapshot=true, databaseEnabled=false, handlesAlerts=true, hasTouchScreen=false, version=51.0.2704.103, platform=MAC, browserConnectionEnabled=false, nativeEvents=true, acceptSslCerts=true, locationContextEnabled=true, webStorageEnabled=true, browserName=chrome, takesScreenshot=true, javascriptEnabled=true, cssSelectorsEnabled=true}]
Session ID: 8d30ba53cc855a09d9811a4df31f1910
*** Element info: {Using=xpath, value=css=div.play-button.center-block}
	at sun.reflect.NativeConstructorAccessorImpl.newInstance0(Native Method)
	at sun.reflect.NativeConstructorAccessorImpl.newInstance(NativeConstructorAccessorImpl.java:62)
	at sun.reflect.DelegatingConstructorAccessorImpl.newInstance(DelegatingConstructorAccessorImpl.java:45)
	at java.lang.reflect.Constructor.newInstance(Constructor.java:423)
	at org.openqa.selenium.remote.ErrorHandler.createThrowable(ErrorHandler.java:206)
	at org.openqa.selenium.remote.ErrorHandler.throwIfResponseFailed(ErrorHandler.java:158)
	at org.openqa.selenium.remote.RemoteWebDriver.execute(RemoteWebDriver.java:678)
	at org.openqa.selenium.remote.RemoteWebDriver.findElement(RemoteWebDriver.java:363)
	at org.openqa.selenium.remote.RemoteWebDriver.findElementByXPath(RemoteWebDriver.java:500)
	at org.openqa.selenium.By$ByXPath.findElement(By.java:361)
	at org.openqa.selenium.remote.RemoteWebDriver.findElement(RemoteWebDriver.java:355)
	at org.openqa.selenium.support.pagefactory.DefaultElementLocator.findElement(DefaultElementLocator.java:69)
	at org.openqa.selenium.support.pagefactory.internal.LocatingElementHandler.invoke(LocatingElementHandler.java:38)
	at com.sun.proxy.$Proxy27.click(Unknown Source)
	at com.IntegrativeNutrition.Marketing.Pages.AboutUsPage.clickWatchVideo(AboutUsPage.java:82)
	at com.IntegrativeNutrition.Marketing.Tests.Web.AboutUsTest.videoPlay(AboutUsTest.java:51)
</failure>
  </testcase>
  <testcase classname="com.IntegrativeNutrition.Marketing.Tests.Web.BlogTest" name="bannerDisplayed" time="9.212"/>
  <testcase classname="com.IntegrativeNutrition.Marketing.Tests.Web.BlogTest" name="submitFormNoPhone" time="1.006">
    <failure type="java.lang.NullPointerException">java.lang.NullPointerException
	at com.IntegrativeNutrition.Marketing.Pages.Forms.inputName(Forms.java:104)
	at com.IntegrativeNutrition.Marketing.Tests.Web.BlogTest.submitFormNoPhone(BlogTest.java:21)
</failure>
  </testcase>
  <testcase classname="com.IntegrativeNutrition.Marketing.Tests.Web.ContactUsTest" name="assertBannerIsDisplayed" time="5.455"/>
  <testcase classname="com.IntegrativeNutrition.Marketing.Tests.Web.ContactUsTest" name="assertContactInformationIsDisplayed" time="1.04"/>
  <testcase classname="com.IntegrativeNutrition.Marketing.Tests.Web.ContactUsTest" name="assertLetsConnectIsDisplayed" time="0.753"/>
  <testcase classname="com.IntegrativeNutrition.Marketing.Tests.Web.ContactUsTest" name="verifyForm" time="0.978">
    <failure type="java.lang.NullPointerException">java.lang.NullPointerException
	at com.IntegrativeNutrition.Marketing.Pages.Forms.inputName(Forms.java:104)
	at com.IntegrativeNutrition.Marketing.Tests.Web.ContactUsTest.verifyForm(ContactUsTest.java:39)
</failure>
  </testcase>
  <testcase classname="com.IntegrativeNutrition.Marketing.Tests.Web.CurriculumPageTest" name="submitFormNoPhone" time="0">
    <failure type="java.lang.NullPointerException">java.lang.NullPointerException
	at com.IntegrativeNutrition.Marketing.Pages.Forms.inputName(Forms.java:104)
	at com.IntegrativeNutrition.Marketing.Tests.Web.CurriculumPageTest.submitFormNoPhone(CurriculumPageTest.java:22)
</failure>
    <system-err>Starting ChromeDriver 2.22.397929 (fb72fb249a903a0b1041ea71eb4c8b3fa0d9be5a) on port 42581
Only local connections are allowed.
</system-err>
  </testcase>
  <testcase classname="com.IntegrativeNutrition.Marketing.Tests.Web.CurriculumPageTest" name="submitFormWithPhone" time="0">
    <failure type="java.lang.NullPointerException">java.lang.NullPointerException
	at com.IntegrativeNutrition.Marketing.Pages.Forms.inputName(Forms.java:104)
	at com.IntegrativeNutrition.Marketing.Tests.Web.CurriculumPageTest.submitFormWithPhone(CurriculumPageTest.java:30)
</failure>
  </testcase>
  <testcase classname="com.IntegrativeNutrition.Marketing.Tests.Web.FooterSocialMediaTest" name="assertCorrectAmazonLinkIcon" time="4.44">
    <failure message="expected [true] but found [false]" type="java.lang.AssertionError">java.lang.AssertionError: expected [true] but found [false]
	at org.testng.Assert.fail(Assert.java:94)
	at org.testng.Assert.failNotEquals(Assert.java:513)
	at org.testng.Assert.assertTrue(Assert.java:42)
	at org.testng.Assert.assertTrue(Assert.java:52)
	at com.IntegrativeNutrition.Marketing.Tests.Web.FooterSocialMediaTest.assertCorrectAmazonLinkIcon(FooterSocialMediaTest.java:85)
</failure>
    <system-err>Starting ChromeDriver 2.22.397929 (fb72fb249a903a0b1041ea71eb4c8b3fa0d9be5a) on port 33043
Only local connections are allowed.
</system-err>
  </testcase>
  <testcase classname="com.IntegrativeNutrition.Marketing.Tests.Web.FooterSocialMediaTest" name="assertCorrectFacebookLinkIcon" time="0.096">
    <failure message="no such window: target window already closed
from unknown error: web view not found
  (Session info: chrome=51.0.2704.103)
  (Driver info: chromedriver=2.22.397929 (fb72fb249a903a0b1041ea71eb4c8b3fa0d9be5a),platform=Mac OS X 10.11.5 x86_64) (WARNING: The server did not provide any stacktrace information)
Command duration or timeout: 2 milliseconds
Build info: version: &apos;2.53.0&apos;, revision: &apos;35ae25b1534ae328c771e0856c93e187490ca824&apos;, time: &apos;2016-03-15 10:43:46&apos;
System info: host: &apos;Alexs-MBP&apos;, ip: &apos;10.10.0.254&apos;, os.name: &apos;Mac OS X&apos;, os.arch: &apos;x86_64&apos;, os.version: &apos;10.11.5&apos;, java.version: &apos;1.8.0_91&apos;
Driver info: org.openqa.selenium.chrome.ChromeDriver
Capabilities [{applicationCacheEnabled=false, rotatable=false, mobileEmulationEnabled=false, chrome={chromedriverVersion=2.22.397929 (fb72fb249a903a0b1041ea71eb4c8b3fa0d9be5a), userDataDir=/var/folders/21/jx_p6g5x53b643vfr7mcn2j00000gn/T/.org.chromium.Chromium.13oxpi}, takesHeapSnapshot=true, databaseEnabled=false, handlesAlerts=true, hasTouchScreen=false, version=51.0.2704.103, platform=MAC, browserConnectionEnabled=false, nativeEvents=true, acceptSslCerts=true, locationContextEnabled=true, webStorageEnabled=true, browserName=chrome, takesScreenshot=true, javascriptEnabled=true, cssSelectorsEnabled=true}]
Session ID: 7bbb5bef84c9bdb22c53dc2ef6fae93b" type="org.openqa.selenium.NoSuchWindowException">org.openqa.selenium.NoSuchWindowException: no such window: target window already closed
from unknown error: web view not found
  (Session info: chrome=51.0.2704.103)
  (Driver info: chromedriver=2.22.397929 (fb72fb249a903a0b1041ea71eb4c8b3fa0d9be5a),platform=Mac OS X 10.11.5 x86_64) (WARNING: The server did not provide any stacktrace information)
Command duration or timeout: 2 milliseconds
Build info: version: &apos;2.53.0&apos;, revision: &apos;35ae25b1534ae328c771e0856c93e187490ca824&apos;, time: &apos;2016-03-15 10:43:46&apos;
System info: host: &apos;Alexs-MBP&apos;, ip: &apos;10.10.0.254&apos;, os.name: &apos;Mac OS X&apos;, os.arch: &apos;x86_64&apos;, os.version: &apos;10.11.5&apos;, java.version: &apos;1.8.0_91&apos;
Driver info: org.openqa.selenium.chrome.ChromeDriver
Capabilities [{applicationCacheEnabled=false, rotatable=false, mobileEmulationEnabled=false, chrome={chromedriverVersion=2.22.397929 (fb72fb249a903a0b1041ea71eb4c8b3fa0d9be5a), userDataDir=/var/folders/21/jx_p6g5x53b643vfr7mcn2j00000gn/T/.org.chromium.Chromium.13oxpi}, takesHeapSnapshot=true, databaseEnabled=false, handlesAlerts=true, hasTouchScreen=false, version=51.0.2704.103, platform=MAC, browserConnectionEnabled=false, nativeEvents=true, acceptSslCerts=true, locationContextEnabled=true, webStorageEnabled=true, browserName=chrome, takesScreenshot=true, javascriptEnabled=true, cssSelectorsEnabled=true}]
Session ID: 7bbb5bef84c9bdb22c53dc2ef6fae93b
	at sun.reflect.NativeConstructorAccessorImpl.newInstance0(Native Method)
	at sun.reflect.NativeConstructorAccessorImpl.newInstance(NativeConstructorAccessorImpl.java:62)
	at sun.reflect.DelegatingConstructorAccessorImpl.newInstance(DelegatingConstructorAccessorImpl.java:45)
	at java.lang.reflect.Constructor.newInstance(Constructor.java:423)
	at org.openqa.selenium.remote.ErrorHandler.createThrowable(ErrorHandler.java:206)
	at org.openqa.selenium.remote.ErrorHandler.throwIfResponseFailed(ErrorHandler.java:158)
	at org.openqa.selenium.remote.RemoteWebDriver.execute(RemoteWebDriver.java:678)
	at org.openqa.selenium.remote.RemoteWebDriver.get(RemoteWebDriver.java:316)
	at com.IntegrativeNutrition.Marketing.Pages.Screens.Footer(Screens.java:35)
	at com.IntegrativeNutrition.Marketing.Tests.Web.FooterSocialMediaTest.assertCorrectFacebookLinkIcon(FooterSocialMediaTest.java:19)
</failure>
  </testcase>
  <testcase classname="com.IntegrativeNutrition.Marketing.Tests.Web.FooterSocialMediaTest" name="assertCorrectGooglePlusLinkIcon" time="0.002">
    <failure message="no such window: target window already closed
from unknown error: web view not found
  (Session info: chrome=51.0.2704.103)
  (Driver info: chromedriver=2.22.397929 (fb72fb249a903a0b1041ea71eb4c8b3fa0d9be5a),platform=Mac OS X 10.11.5 x86_64) (WARNING: The server did not provide any stacktrace information)
Command duration or timeout: 2 milliseconds
Build info: version: &apos;2.53.0&apos;, revision: &apos;35ae25b1534ae328c771e0856c93e187490ca824&apos;, time: &apos;2016-03-15 10:43:46&apos;
System info: host: &apos;Alexs-MBP&apos;, ip: &apos;10.10.0.254&apos;, os.name: &apos;Mac OS X&apos;, os.arch: &apos;x86_64&apos;, os.version: &apos;10.11.5&apos;, java.version: &apos;1.8.0_91&apos;
Driver info: org.openqa.selenium.chrome.ChromeDriver
Capabilities [{applicationCacheEnabled=false, rotatable=false, mobileEmulationEnabled=false, chrome={chromedriverVersion=2.22.397929 (fb72fb249a903a0b1041ea71eb4c8b3fa0d9be5a), userDataDir=/var/folders/21/jx_p6g5x53b643vfr7mcn2j00000gn/T/.org.chromium.Chromium.13oxpi}, takesHeapSnapshot=true, databaseEnabled=false, handlesAlerts=true, hasTouchScreen=false, version=51.0.2704.103, platform=MAC, browserConnectionEnabled=false, nativeEvents=true, acceptSslCerts=true, locationContextEnabled=true, webStorageEnabled=true, browserName=chrome, takesScreenshot=true, javascriptEnabled=true, cssSelectorsEnabled=true}]
Session ID: 7bbb5bef84c9bdb22c53dc2ef6fae93b" type="org.openqa.selenium.NoSuchWindowException">org.openqa.selenium.NoSuchWindowException: no such window: target window already closed
from unknown error: web view not found
  (Session info: chrome=51.0.2704.103)
  (Driver info: chromedriver=2.22.397929 (fb72fb249a903a0b1041ea71eb4c8b3fa0d9be5a),platform=Mac OS X 10.11.5 x86_64) (WARNING: The server did not provide any stacktrace information)
Command duration or timeout: 2 milliseconds
Build info: version: &apos;2.53.0&apos;, revision: &apos;35ae25b1534ae328c771e0856c93e187490ca824&apos;, time: &apos;2016-03-15 10:43:46&apos;
System info: host: &apos;Alexs-MBP&apos;, ip: &apos;10.10.0.254&apos;, os.name: &apos;Mac OS X&apos;, os.arch: &apos;x86_64&apos;, os.version: &apos;10.11.5&apos;, java.version: &apos;1.8.0_91&apos;
Driver info: org.openqa.selenium.chrome.ChromeDriver
Capabilities [{applicationCacheEnabled=false, rotatable=false, mobileEmulationEnabled=false, chrome={chromedriverVersion=2.22.397929 (fb72fb249a903a0b1041ea71eb4c8b3fa0d9be5a), userDataDir=/var/folders/21/jx_p6g5x53b643vfr7mcn2j00000gn/T/.org.chromium.Chromium.13oxpi}, takesHeapSnapshot=true, databaseEnabled=false, handlesAlerts=true, hasTouchScreen=false, version=51.0.2704.103, platform=MAC, browserConnectionEnabled=false, nativeEvents=true, acceptSslCerts=true, locationContextEnabled=true, webStorageEnabled=true, browserName=chrome, takesScreenshot=true, javascriptEnabled=true, cssSelectorsEnabled=true}]
Session ID: 7bbb5bef84c9bdb22c53dc2ef6fae93b
	at sun.reflect.NativeConstructorAccessorImpl.newInstance0(Native Method)
	at sun.reflect.NativeConstructorAccessorImpl.newInstance(NativeConstructorAccessorImpl.java:62)
	at sun.reflect.DelegatingConstructorAccessorImpl.newInstance(DelegatingConstructorAccessorImpl.java:45)
	at java.lang.reflect.Constructor.newInstance(Constructor.java:423)
	at org.openqa.selenium.remote.ErrorHandler.createThrowable(ErrorHandler.java:206)
	at org.openqa.selenium.remote.ErrorHandler.throwIfResponseFailed(ErrorHandler.java:158)
	at org.openqa.selenium.remote.RemoteWebDriver.execute(RemoteWebDriver.java:678)
	at org.openqa.selenium.remote.RemoteWebDriver.get(RemoteWebDriver.java:316)
	at com.IntegrativeNutrition.Marketing.Pages.Screens.Footer(Screens.java:35)
	at com.IntegrativeNutrition.Marketing.Tests.Web.FooterSocialMediaTest.assertCorrectGooglePlusLinkIcon(FooterSocialMediaTest.java:73)
</failure>
  </testcase>
  <testcase classname="com.IntegrativeNutrition.Marketing.Tests.Web.FooterSocialMediaTest" name="assertCorrectInstagramLinkIcon" time="0.002">
    <failure message="no such window: target window already closed
from unknown error: web view not found
  (Session info: chrome=51.0.2704.103)
  (Driver info: chromedriver=2.22.397929 (fb72fb249a903a0b1041ea71eb4c8b3fa0d9be5a),platform=Mac OS X 10.11.5 x86_64) (WARNING: The server did not provide any stacktrace information)
Command duration or timeout: 2 milliseconds
Build info: version: &apos;2.53.0&apos;, revision: &apos;35ae25b1534ae328c771e0856c93e187490ca824&apos;, time: &apos;2016-03-15 10:43:46&apos;
System info: host: &apos;Alexs-MBP&apos;, ip: &apos;10.10.0.254&apos;, os.name: &apos;Mac OS X&apos;, os.arch: &apos;x86_64&apos;, os.version: &apos;10.11.5&apos;, java.version: &apos;1.8.0_91&apos;
Driver info: org.openqa.selenium.chrome.ChromeDriver
Capabilities [{applicationCacheEnabled=false, rotatable=false, mobileEmulationEnabled=false, chrome={chromedriverVersion=2.22.397929 (fb72fb249a903a0b1041ea71eb4c8b3fa0d9be5a), userDataDir=/var/folders/21/jx_p6g5x53b643vfr7mcn2j00000gn/T/.org.chromium.Chromium.13oxpi}, takesHeapSnapshot=true, databaseEnabled=false, handlesAlerts=true, hasTouchScreen=false, version=51.0.2704.103, platform=MAC, browserConnectionEnabled=false, nativeEvents=true, acceptSslCerts=true, locationContextEnabled=true, webStorageEnabled=true, browserName=chrome, takesScreenshot=true, javascriptEnabled=true, cssSelectorsEnabled=true}]
Session ID: 7bbb5bef84c9bdb22c53dc2ef6fae93b" type="org.openqa.selenium.NoSuchWindowException">org.openqa.selenium.NoSuchWindowException: no such window: target window already closed
from unknown error: web view not found
  (Session info: chrome=51.0.2704.103)
  (Driver info: chromedriver=2.22.397929 (fb72fb249a903a0b1041ea71eb4c8b3fa0d9be5a),platform=Mac OS X 10.11.5 x86_64) (WARNING: The server did not provide any stacktrace information)
Command duration or timeout: 2 milliseconds
Build info: version: &apos;2.53.0&apos;, revision: &apos;35ae25b1534ae328c771e0856c93e187490ca824&apos;, time: &apos;2016-03-15 10:43:46&apos;
System info: host: &apos;Alexs-MBP&apos;, ip: &apos;10.10.0.254&apos;, os.name: &apos;Mac OS X&apos;, os.arch: &apos;x86_64&apos;, os.version: &apos;10.11.5&apos;, java.version: &apos;1.8.0_91&apos;
Driver info: org.openqa.selenium.chrome.ChromeDriver
Capabilities [{applicationCacheEnabled=false, rotatable=false, mobileEmulationEnabled=false, chrome={chromedriverVersion=2.22.397929 (fb72fb249a903a0b1041ea71eb4c8b3fa0d9be5a), userDataDir=/var/folders/21/jx_p6g5x53b643vfr7mcn2j00000gn/T/.org.chromium.Chromium.13oxpi}, takesHeapSnapshot=true, databaseEnabled=false, handlesAlerts=true, hasTouchScreen=false, version=51.0.2704.103, platform=MAC, browserConnectionEnabled=false, nativeEvents=true, acceptSslCerts=true, locationContextEnabled=true, webStorageEnabled=true, browserName=chrome, takesScreenshot=true, javascriptEnabled=true, cssSelectorsEnabled=true}]
Session ID: 7bbb5bef84c9bdb22c53dc2ef6fae93b
	at sun.reflect.NativeConstructorAccessorImpl.newInstance0(Native Method)
	at sun.reflect.NativeConstructorAccessorImpl.newInstance(NativeConstructorAccessorImpl.java:62)
	at sun.reflect.DelegatingConstructorAccessorImpl.newInstance(DelegatingConstructorAccessorImpl.java:45)
	at java.lang.reflect.Constructor.newInstance(Constructor.java:423)
	at org.openqa.selenium.remote.ErrorHandler.createThrowable(ErrorHandler.java:206)
	at org.openqa.selenium.remote.ErrorHandler.throwIfResponseFailed(ErrorHandler.java:158)
	at org.openqa.selenium.remote.RemoteWebDriver.execute(RemoteWebDriver.java:678)
	at org.openqa.selenium.remote.RemoteWebDriver.get(RemoteWebDriver.java:316)
	at com.IntegrativeNutrition.Marketing.Pages.Screens.Footer(Screens.java:35)
	at com.IntegrativeNutrition.Marketing.Tests.Web.FooterSocialMediaTest.assertCorrectInstagramLinkIcon(FooterSocialMediaTest.java:28)
</failure>
  </testcase>
  <testcase classname="com.IntegrativeNutrition.Marketing.Tests.Web.FooterSocialMediaTest" name="assertCorrectLinkedInLinkIcon" time="0.002">
    <failure message="no such window: target window already closed
from unknown error: web view not found
  (Session info: chrome=51.0.2704.103)
  (Driver info: chromedriver=2.22.397929 (fb72fb249a903a0b1041ea71eb4c8b3fa0d9be5a),platform=Mac OS X 10.11.5 x86_64) (WARNING: The server did not provide any stacktrace information)
Command duration or timeout: 2 milliseconds
Build info: version: &apos;2.53.0&apos;, revision: &apos;35ae25b1534ae328c771e0856c93e187490ca824&apos;, time: &apos;2016-03-15 10:43:46&apos;
System info: host: &apos;Alexs-MBP&apos;, ip: &apos;10.10.0.254&apos;, os.name: &apos;Mac OS X&apos;, os.arch: &apos;x86_64&apos;, os.version: &apos;10.11.5&apos;, java.version: &apos;1.8.0_91&apos;
Driver info: org.openqa.selenium.chrome.ChromeDriver
Capabilities [{applicationCacheEnabled=false, rotatable=false, mobileEmulationEnabled=false, chrome={chromedriverVersion=2.22.397929 (fb72fb249a903a0b1041ea71eb4c8b3fa0d9be5a), userDataDir=/var/folders/21/jx_p6g5x53b643vfr7mcn2j00000gn/T/.org.chromium.Chromium.13oxpi}, takesHeapSnapshot=true, databaseEnabled=false, handlesAlerts=true, hasTouchScreen=false, version=51.0.2704.103, platform=MAC, browserConnectionEnabled=false, nativeEvents=true, acceptSslCerts=true, locationContextEnabled=true, webStorageEnabled=true, browserName=chrome, takesScreenshot=true, javascriptEnabled=true, cssSelectorsEnabled=true}]
Session ID: 7bbb5bef84c9bdb22c53dc2ef6fae93b" type="org.openqa.selenium.NoSuchWindowException">org.openqa.selenium.NoSuchWindowException: no such window: target window already closed
from unknown error: web view not found
  (Session info: chrome=51.0.2704.103)
  (Driver info: chromedriver=2.22.397929 (fb72fb249a903a0b1041ea71eb4c8b3fa0d9be5a),platform=Mac OS X 10.11.5 x86_64) (WARNING: The server did not provide any stacktrace information)
Command duration or timeout: 2 milliseconds
Build info: version: &apos;2.53.0&apos;, revision: &apos;35ae25b1534ae328c771e0856c93e187490ca824&apos;, time: &apos;2016-03-15 10:43:46&apos;
System info: host: &apos;Alexs-MBP&apos;, ip: &apos;10.10.0.254&apos;, os.name: &apos;Mac OS X&apos;, os.arch: &apos;x86_64&apos;, os.version: &apos;10.11.5&apos;, java.version: &apos;1.8.0_91&apos;
Driver info: org.openqa.selenium.chrome.ChromeDriver
Capabilities [{applicationCacheEnabled=false, rotatable=false, mobileEmulationEnabled=false, chrome={chromedriverVersion=2.22.397929 (fb72fb249a903a0b1041ea71eb4c8b3fa0d9be5a), userDataDir=/var/folders/21/jx_p6g5x53b643vfr7mcn2j00000gn/T/.org.chromium.Chromium.13oxpi}, takesHeapSnapshot=true, databaseEnabled=false, handlesAlerts=true, hasTouchScreen=false, version=51.0.2704.103, platform=MAC, browserConnectionEnabled=false, nativeEvents=true, acceptSslCerts=true, locationContextEnabled=true, webStorageEnabled=true, browserName=chrome, takesScreenshot=true, javascriptEnabled=true, cssSelectorsEnabled=true}]
Session ID: 7bbb5bef84c9bdb22c53dc2ef6fae93b
	at sun.reflect.NativeConstructorAccessorImpl.newInstance0(Native Method)
	at sun.reflect.NativeConstructorAccessorImpl.newInstance(NativeConstructorAccessorImpl.java:62)
	at sun.reflect.DelegatingConstructorAccessorImpl.newInstance(DelegatingConstructorAccessorImpl.java:45)
	at java.lang.reflect.Constructor.newInstance(Constructor.java:423)
	at org.openqa.selenium.remote.ErrorHandler.createThrowable(ErrorHandler.java:206)
	at org.openqa.selenium.remote.ErrorHandler.throwIfResponseFailed(ErrorHandler.java:158)
	at org.openqa.selenium.remote.RemoteWebDriver.execute(RemoteWebDriver.java:678)
	at org.openqa.selenium.remote.RemoteWebDriver.get(RemoteWebDriver.java:316)
	at com.IntegrativeNutrition.Marketing.Pages.Screens.Footer(Screens.java:35)
	at com.IntegrativeNutrition.Marketing.Tests.Web.FooterSocialMediaTest.assertCorrectLinkedInLinkIcon(FooterSocialMediaTest.java:64)
</failure>
  </testcase>
  <testcase classname="com.IntegrativeNutrition.Marketing.Tests.Web.FooterSocialMediaTest" name="assertCorrectPinterestLinkIcon" time="0.002">
    <failure message="no such window: target window already closed
from unknown error: web view not found
  (Session info: chrome=51.0.2704.103)
  (Driver info: chromedriver=2.22.397929 (fb72fb249a903a0b1041ea71eb4c8b3fa0d9be5a),platform=Mac OS X 10.11.5 x86_64) (WARNING: The server did not provide any stacktrace information)
Command duration or timeout: 2 milliseconds
Build info: version: &apos;2.53.0&apos;, revision: &apos;35ae25b1534ae328c771e0856c93e187490ca824&apos;, time: &apos;2016-03-15 10:43:46&apos;
System info: host: &apos;Alexs-MBP&apos;, ip: &apos;10.10.0.254&apos;, os.name: &apos;Mac OS X&apos;, os.arch: &apos;x86_64&apos;, os.version: &apos;10.11.5&apos;, java.version: &apos;1.8.0_91&apos;
Driver info: org.openqa.selenium.chrome.ChromeDriver
Capabilities [{applicationCacheEnabled=false, rotatable=false, mobileEmulationEnabled=false, chrome={chromedriverVersion=2.22.397929 (fb72fb249a903a0b1041ea71eb4c8b3fa0d9be5a), userDataDir=/var/folders/21/jx_p6g5x53b643vfr7mcn2j00000gn/T/.org.chromium.Chromium.13oxpi}, takesHeapSnapshot=true, databaseEnabled=false, handlesAlerts=true, hasTouchScreen=false, version=51.0.2704.103, platform=MAC, browserConnectionEnabled=false, nativeEvents=true, acceptSslCerts=true, locationContextEnabled=true, webStorageEnabled=true, browserName=chrome, takesScreenshot=true, javascriptEnabled=true, cssSelectorsEnabled=true}]
Session ID: 7bbb5bef84c9bdb22c53dc2ef6fae93b" type="org.openqa.selenium.NoSuchWindowException">org.openqa.selenium.NoSuchWindowException: no such window: target window already closed
from unknown error: web view not found
  (Session info: chrome=51.0.2704.103)
  (Driver info: chromedriver=2.22.397929 (fb72fb249a903a0b1041ea71eb4c8b3fa0d9be5a),platform=Mac OS X 10.11.5 x86_64) (WARNING: The server did not provide any stacktrace information)
Command duration or timeout: 2 milliseconds
Build info: version: &apos;2.53.0&apos;, revision: &apos;35ae25b1534ae328c771e0856c93e187490ca824&apos;, time: &apos;2016-03-15 10:43:46&apos;
System info: host: &apos;Alexs-MBP&apos;, ip: &apos;10.10.0.254&apos;, os.name: &apos;Mac OS X&apos;, os.arch: &apos;x86_64&apos;, os.version: &apos;10.11.5&apos;, java.version: &apos;1.8.0_91&apos;
Driver info: org.openqa.selenium.chrome.ChromeDriver
Capabilities [{applicationCacheEnabled=false, rotatable=false, mobileEmulationEnabled=false, chrome={chromedriverVersion=2.22.397929 (fb72fb249a903a0b1041ea71eb4c8b3fa0d9be5a), userDataDir=/var/folders/21/jx_p6g5x53b643vfr7mcn2j00000gn/T/.org.chromium.Chromium.13oxpi}, takesHeapSnapshot=true, databaseEnabled=false, handlesAlerts=true, hasTouchScreen=false, version=51.0.2704.103, platform=MAC, browserConnectionEnabled=false, nativeEvents=true, acceptSslCerts=true, locationContextEnabled=true, webStorageEnabled=true, browserName=chrome, takesScreenshot=true, javascriptEnabled=true, cssSelectorsEnabled=true}]
Session ID: 7bbb5bef84c9bdb22c53dc2ef6fae93b
	at sun.reflect.NativeConstructorAccessorImpl.newInstance0(Native Method)
	at sun.reflect.NativeConstructorAccessorImpl.newInstance(NativeConstructorAccessorImpl.java:62)
	at sun.reflect.DelegatingConstructorAccessorImpl.newInstance(DelegatingConstructorAccessorImpl.java:45)
	at java.lang.reflect.Constructor.newInstance(Constructor.java:423)
	at org.openqa.selenium.remote.ErrorHandler.createThrowable(ErrorHandler.java:206)
	at org.openqa.selenium.remote.ErrorHandler.throwIfResponseFailed(ErrorHandler.java:158)
	at org.openqa.selenium.remote.RemoteWebDriver.execute(RemoteWebDriver.java:678)
	at org.openqa.selenium.remote.RemoteWebDriver.get(RemoteWebDriver.java:316)
	at com.IntegrativeNutrition.Marketing.Pages.Screens.Footer(Screens.java:35)
	at com.IntegrativeNutrition.Marketing.Tests.Web.FooterSocialMediaTest.assertCorrectPinterestLinkIcon(FooterSocialMediaTest.java:55)
</failure>
  </testcase>
  <testcase classname="com.IntegrativeNutrition.Marketing.Tests.Web.FooterSocialMediaTest" name="assertCorrectTwitterLinkIcon" time="0.002">
    <failure message="no such window: target window already closed
from unknown error: web view not found
  (Session info: chrome=51.0.2704.103)
  (Driver info: chromedriver=2.22.397929 (fb72fb249a903a0b1041ea71eb4c8b3fa0d9be5a),platform=Mac OS X 10.11.5 x86_64) (WARNING: The server did not provide any stacktrace information)
Command duration or timeout: 2 milliseconds
Build info: version: &apos;2.53.0&apos;, revision: &apos;35ae25b1534ae328c771e0856c93e187490ca824&apos;, time: &apos;2016-03-15 10:43:46&apos;
System info: host: &apos;Alexs-MBP&apos;, ip: &apos;10.10.0.254&apos;, os.name: &apos;Mac OS X&apos;, os.arch: &apos;x86_64&apos;, os.version: &apos;10.11.5&apos;, java.version: &apos;1.8.0_91&apos;
Driver info: org.openqa.selenium.chrome.ChromeDriver
Capabilities [{applicationCacheEnabled=false, rotatable=false, mobileEmulationEnabled=false, chrome={chromedriverVersion=2.22.397929 (fb72fb249a903a0b1041ea71eb4c8b3fa0d9be5a), userDataDir=/var/folders/21/jx_p6g5x53b643vfr7mcn2j00000gn/T/.org.chromium.Chromium.13oxpi}, takesHeapSnapshot=true, databaseEnabled=false, handlesAlerts=true, hasTouchScreen=false, version=51.0.2704.103, platform=MAC, browserConnectionEnabled=false, nativeEvents=true, acceptSslCerts=true, locationContextEnabled=true, webStorageEnabled=true, browserName=chrome, takesScreenshot=true, javascriptEnabled=true, cssSelectorsEnabled=true}]
Session ID: 7bbb5bef84c9bdb22c53dc2ef6fae93b" type="org.openqa.selenium.NoSuchWindowException">org.openqa.selenium.NoSuchWindowException: no such window: target window already closed
from unknown error: web view not found
  (Session info: chrome=51.0.2704.103)
  (Driver info: chromedriver=2.22.397929 (fb72fb249a903a0b1041ea71eb4c8b3fa0d9be5a),platform=Mac OS X 10.11.5 x86_64) (WARNING: The server did not provide any stacktrace information)
Command duration or timeout: 2 milliseconds
Build info: version: &apos;2.53.0&apos;, revision: &apos;35ae25b1534ae328c771e0856c93e187490ca824&apos;, time: &apos;2016-03-15 10:43:46&apos;
System info: host: &apos;Alexs-MBP&apos;, ip: &apos;10.10.0.254&apos;, os.name: &apos;Mac OS X&apos;, os.arch: &apos;x86_64&apos;, os.version: &apos;10.11.5&apos;, java.version: &apos;1.8.0_91&apos;
Driver info: org.openqa.selenium.chrome.ChromeDriver
Capabilities [{applicationCacheEnabled=false, rotatable=false, mobileEmulationEnabled=false, chrome={chromedriverVersion=2.22.397929 (fb72fb249a903a0b1041ea71eb4c8b3fa0d9be5a), userDataDir=/var/folders/21/jx_p6g5x53b643vfr7mcn2j00000gn/T/.org.chromium.Chromium.13oxpi}, takesHeapSnapshot=true, databaseEnabled=false, handlesAlerts=true, hasTouchScreen=false, version=51.0.2704.103, platform=MAC, browserConnectionEnabled=false, nativeEvents=true, acceptSslCerts=true, locationContextEnabled=true, webStorageEnabled=true, browserName=chrome, takesScreenshot=true, javascriptEnabled=true, cssSelectorsEnabled=true}]
Session ID: 7bbb5bef84c9bdb22c53dc2ef6fae93b
	at sun.reflect.NativeConstructorAccessorImpl.newInstance0(Native Method)
	at sun.reflect.NativeConstructorAccessorImpl.newInstance(NativeConstructorAccessorImpl.java:62)
	at sun.reflect.DelegatingConstructorAccessorImpl.newInstance(DelegatingConstructorAccessorImpl.java:45)
	at java.lang.reflect.Constructor.newInstance(Constructor.java:423)
	at org.openqa.selenium.remote.ErrorHandler.createThrowable(ErrorHandler.java:206)
	at org.openqa.selenium.remote.ErrorHandler.throwIfResponseFailed(ErrorHandler.java:158)
	at org.openqa.selenium.remote.RemoteWebDriver.execute(RemoteWebDriver.java:678)
	at org.openqa.selenium.remote.RemoteWebDriver.get(RemoteWebDriver.java:316)
	at com.IntegrativeNutrition.Marketing.Pages.Screens.Footer(Screens.java:35)
	at com.IntegrativeNutrition.Marketing.Tests.Web.FooterSocialMediaTest.assertCorrectTwitterLinkIcon(FooterSocialMediaTest.java:37)
</failure>
  </testcase>
  <testcase classname="com.IntegrativeNutrition.Marketing.Tests.Web.FooterSocialMediaTest" name="assertCorrectYouTubeLinkIcon" time="0.002">
    <failure message="no such window: target window already closed
from unknown error: web view not found
  (Session info: chrome=51.0.2704.103)
  (Driver info: chromedriver=2.22.397929 (fb72fb249a903a0b1041ea71eb4c8b3fa0d9be5a),platform=Mac OS X 10.11.5 x86_64) (WARNING: The server did not provide any stacktrace information)
Command duration or timeout: 1 milliseconds
Build info: version: &apos;2.53.0&apos;, revision: &apos;35ae25b1534ae328c771e0856c93e187490ca824&apos;, time: &apos;2016-03-15 10:43:46&apos;
System info: host: &apos;Alexs-MBP&apos;, ip: &apos;10.10.0.254&apos;, os.name: &apos;Mac OS X&apos;, os.arch: &apos;x86_64&apos;, os.version: &apos;10.11.5&apos;, java.version: &apos;1.8.0_91&apos;
Driver info: org.openqa.selenium.chrome.ChromeDriver
Capabilities [{applicationCacheEnabled=false, rotatable=false, mobileEmulationEnabled=false, chrome={chromedriverVersion=2.22.397929 (fb72fb249a903a0b1041ea71eb4c8b3fa0d9be5a), userDataDir=/var/folders/21/jx_p6g5x53b643vfr7mcn2j00000gn/T/.org.chromium.Chromium.13oxpi}, takesHeapSnapshot=true, databaseEnabled=false, handlesAlerts=true, hasTouchScreen=false, version=51.0.2704.103, platform=MAC, browserConnectionEnabled=false, nativeEvents=true, acceptSslCerts=true, locationContextEnabled=true, webStorageEnabled=true, browserName=chrome, takesScreenshot=true, javascriptEnabled=true, cssSelectorsEnabled=true}]
Session ID: 7bbb5bef84c9bdb22c53dc2ef6fae93b" type="org.openqa.selenium.NoSuchWindowException">org.openqa.selenium.NoSuchWindowException: no such window: target window already closed
from unknown error: web view not found
  (Session info: chrome=51.0.2704.103)
  (Driver info: chromedriver=2.22.397929 (fb72fb249a903a0b1041ea71eb4c8b3fa0d9be5a),platform=Mac OS X 10.11.5 x86_64) (WARNING: The server did not provide any stacktrace information)
Command duration or timeout: 1 milliseconds
Build info: version: &apos;2.53.0&apos;, revision: &apos;35ae25b1534ae328c771e0856c93e187490ca824&apos;, time: &apos;2016-03-15 10:43:46&apos;
System info: host: &apos;Alexs-MBP&apos;, ip: &apos;10.10.0.254&apos;, os.name: &apos;Mac OS X&apos;, os.arch: &apos;x86_64&apos;, os.version: &apos;10.11.5&apos;, java.version: &apos;1.8.0_91&apos;
Driver info: org.openqa.selenium.chrome.ChromeDriver
Capabilities [{applicationCacheEnabled=false, rotatable=false, mobileEmulationEnabled=false, chrome={chromedriverVersion=2.22.397929 (fb72fb249a903a0b1041ea71eb4c8b3fa0d9be5a), userDataDir=/var/folders/21/jx_p6g5x53b643vfr7mcn2j00000gn/T/.org.chromium.Chromium.13oxpi}, takesHeapSnapshot=true, databaseEnabled=false, handlesAlerts=true, hasTouchScreen=false, version=51.0.2704.103, platform=MAC, browserConnectionEnabled=false, nativeEvents=true, acceptSslCerts=true, locationContextEnabled=true, webStorageEnabled=true, browserName=chrome, takesScreenshot=true, javascriptEnabled=true, cssSelectorsEnabled=true}]
Session ID: 7bbb5bef84c9bdb22c53dc2ef6fae93b
	at sun.reflect.NativeConstructorAccessorImpl.newInstance0(Native Method)
	at sun.reflect.NativeConstructorAccessorImpl.newInstance(NativeConstructorAccessorImpl.java:62)
	at sun.reflect.DelegatingConstructorAccessorImpl.newInstance(DelegatingConstructorAccessorImpl.java:45)
	at java.lang.reflect.Constructor.newInstance(Constructor.java:423)
	at org.openqa.selenium.remote.ErrorHandler.createThrowable(ErrorHandler.java:206)
	at org.openqa.selenium.remote.ErrorHandler.throwIfResponseFailed(ErrorHandler.java:158)
	at org.openqa.selenium.remote.RemoteWebDriver.execute(RemoteWebDriver.java:678)
	at org.openqa.selenium.remote.RemoteWebDriver.get(RemoteWebDriver.java:316)
	at com.IntegrativeNutrition.Marketing.Pages.Screens.Footer(Screens.java:35)
	at com.IntegrativeNutrition.Marketing.Tests.Web.FooterSocialMediaTest.assertCorrectYouTubeLinkIcon(FooterSocialMediaTest.java:46)
</failure>
  </testcase>
  <testcase classname="com.IntegrativeNutrition.Marketing.Tests.Web.HeaderTest" name="assertHeaderPhoneisDisplayed" time="3.33"/>
  <testcase classname="com.IntegrativeNutrition.Marketing.Tests.Web.HeaderTest" name="headerAboutUs" time="1.446">
    <failure message="expected [true] but found [false]" type="java.lang.AssertionError">java.lang.AssertionError: expected [true] but found [false]
	at org.testng.Assert.fail(Assert.java:94)
	at org.testng.Assert.failNotEquals(Assert.java:513)
	at org.testng.Assert.assertTrue(Assert.java:42)
	at org.testng.Assert.assertTrue(Assert.java:52)
	at com.IntegrativeNutrition.Marketing.Tests.Web.HeaderTest.headerAboutUs(HeaderTest.java:91)
</failure>
  </testcase>
  <testcase classname="com.IntegrativeNutrition.Marketing.Tests.Web.HeaderTest" name="headerContactUs" time="6.808">
    <failure message="expected [true] but found [false]" type="java.lang.AssertionError">java.lang.AssertionError: expected [true] but found [false]
	at org.testng.Assert.fail(Assert.java:94)
	at org.testng.Assert.failNotEquals(Assert.java:513)
	at org.testng.Assert.assertTrue(Assert.java:42)
	at org.testng.Assert.assertTrue(Assert.java:52)
	at com.IntegrativeNutrition.Marketing.Tests.Web.HeaderTest.headerContactUs(HeaderTest.java:55)
</failure>
  </testcase>
  <testcase classname="com.IntegrativeNutrition.Marketing.Tests.Web.HeaderTest" name="headerCurric" time="1.101">
    <failure message="expected [true] but found [false]" type="java.lang.AssertionError">java.lang.AssertionError: expected [true] but found [false]
	at org.testng.Assert.fail(Assert.java:94)
	at org.testng.Assert.failNotEquals(Assert.java:513)
	at org.testng.Assert.assertTrue(Assert.java:42)
	at org.testng.Assert.assertTrue(Assert.java:52)
	at com.IntegrativeNutrition.Marketing.Tests.Web.HeaderTest.headerCurric(HeaderTest.java:64)
</failure>
  </testcase>
  <testcase classname="com.IntegrativeNutrition.Marketing.Tests.Web.HeaderTest" name="headerHealthCoach" time="1.173">
    <failure message="expected [true] but found [false]" type="java.lang.AssertionError">java.lang.AssertionError: expected [true] but found [false]
	at org.testng.Assert.fail(Assert.java:94)
	at org.testng.Assert.failNotEquals(Assert.java:513)
	at org.testng.Assert.assertTrue(Assert.java:42)
	at org.testng.Assert.assertTrue(Assert.java:52)
	at com.IntegrativeNutrition.Marketing.Tests.Web.HeaderTest.headerHealthCoach(HeaderTest.java:82)
</failure>
  </testcase>
  <testcase classname="com.IntegrativeNutrition.Marketing.Tests.Web.HeaderTest" name="headerHomeIcon" time="2.857">
    <failure message="expected [true] but found [false]" type="java.lang.AssertionError">java.lang.AssertionError: expected [true] but found [false]
	at org.testng.Assert.fail(Assert.java:94)
	at org.testng.Assert.failNotEquals(Assert.java:513)
	at org.testng.Assert.assertTrue(Assert.java:42)
	at org.testng.Assert.assertTrue(Assert.java:52)
	at com.IntegrativeNutrition.Marketing.Tests.Web.HeaderTest.headerHomeIcon(HeaderTest.java:46)
</failure>
  </testcase>
  <testcase classname="com.IntegrativeNutrition.Marketing.Tests.Web.HeaderTest" name="headerInfoSess" time="1.053">
    <failure message="expected [true] but found [false]" type="java.lang.AssertionError">java.lang.AssertionError: expected [true] but found [false]
	at org.testng.Assert.fail(Assert.java:94)
	at org.testng.Assert.failNotEquals(Assert.java:513)
	at org.testng.Assert.assertTrue(Assert.java:42)
	at org.testng.Assert.assertTrue(Assert.java:52)
	at com.IntegrativeNutrition.Marketing.Tests.Web.HeaderTest.headerInfoSess(HeaderTest.java:73)
</failure>
  </testcase>
  <testcase classname="com.IntegrativeNutrition.Marketing.Tests.Web.HeaderTest" name="headerSearch" time="6.545">
    <failure message="expected [true] but found [false]" type="java.lang.AssertionError">java.lang.AssertionError: expected [true] but found [false]
	at org.testng.Assert.fail(Assert.java:94)
	at org.testng.Assert.failNotEquals(Assert.java:513)
	at org.testng.Assert.assertTrue(Assert.java:42)
	at org.testng.Assert.assertTrue(Assert.java:52)
	at com.IntegrativeNutrition.Marketing.Tests.Web.HeaderTest.headerSearch(HeaderTest.java:25)
</failure>
  </testcase>
  <testcase classname="com.IntegrativeNutrition.Marketing.Tests.Web.HeaderTest" name="headerSearchNoResults" time="4.547">
    <failure message="expected [true] but found [false]" type="java.lang.AssertionError">java.lang.AssertionError: expected [true] but found [false]
	at org.testng.Assert.fail(Assert.java:94)
	at org.testng.Assert.failNotEquals(Assert.java:513)
	at org.testng.Assert.assertTrue(Assert.java:42)
	at org.testng.Assert.assertTrue(Assert.java:52)
	at com.IntegrativeNutrition.Marketing.Tests.Web.HeaderTest.headerSearchNoResults(HeaderTest.java:34)
</failure>
  </testcase>
  <testcase classname="com.IntegrativeNutrition.Marketing.Tests.Web.HealthCoachingTest" name="countryFlagMatch" time="4.661">
    <failure type="java.lang.NullPointerException">java.lang.NullPointerException
	at com.IntegrativeNutrition.Marketing.Pages.Forms.inputName(Forms.java:104)
	at com.IntegrativeNutrition.Marketing.Tests.Web.HealthCoachingTest.countryFlagMatch(HealthCoachingTest.java:40)
</failure>
    <system-err>Starting ChromeDriver 2.22.397929 (fb72fb249a903a0b1041ea71eb4c8b3fa0d9be5a) on port 21651
Only local connections are allowed.
</system-err>
  </testcase>
  <testcase classname="com.IntegrativeNutrition.Marketing.Tests.Web.HealthCoachingTest" name="emailValidation" time="1.272">
    <failure type="java.lang.NullPointerException">java.lang.NullPointerException
	at com.IntegrativeNutrition.Marketing.Pages.Forms.inputName(Forms.java:104)
	at com.IntegrativeNutrition.Marketing.Tests.Web.HealthCoachingTest.emailValidation(HealthCoachingTest.java:29)
</failure>
  </testcase>
  <testcase classname="com.IntegrativeNutrition.Marketing.Tests.Web.HealthCoachingTest" name="nameValidation" time="1.118">
    <failure type="java.lang.NullPointerException">java.lang.NullPointerException
	at com.IntegrativeNutrition.Marketing.Pages.Forms.inputEmail(Forms.java:109)
	at com.IntegrativeNutrition.Marketing.Tests.Web.HealthCoachingTest.nameValidation(HealthCoachingTest.java:18)
</failure>
  </testcase>
  <testcase classname="com.IntegrativeNutrition.Marketing.Tests.Web.HealthCoachingTest" name="submitFormNoPhone" time="0">
    <failure type="java.lang.NullPointerException">java.lang.NullPointerException
	at com.IntegrativeNutrition.Marketing.Pages.Forms.inputName(Forms.java:104)
	at com.IntegrativeNutrition.Marketing.Tests.Web.HealthCoachingTest.submitFormNoPhone(HealthCoachingTest.java:68)
</failure>
  </testcase>
  <testcase classname="com.IntegrativeNutrition.Marketing.Tests.Web.HealthCoachingTest" name="submitFormWithPhone" time="0.001">
    <failure type="java.lang.NullPointerException">java.lang.NullPointerException
	at com.IntegrativeNutrition.Marketing.Pages.Forms.inputName(Forms.java:104)
	at com.IntegrativeNutrition.Marketing.Tests.Web.HealthCoachingTest.submitFormWithPhone(HealthCoachingTest.java:76)
</failure>
  </testcase>
  <testcase classname="com.IntegrativeNutrition.Marketing.Tests.Web.HealthCoachingTest" name="videoPlay" time="1.109">
    <failure message="invalid selector: An invalid or illegal selector was specified
  (Session info: chrome=51.0.2704.103)
  (Driver info: chromedriver=2.22.397929 (fb72fb249a903a0b1041ea71eb4c8b3fa0d9be5a),platform=Mac OS X 10.11.5 x86_64) (WARNING: The server did not provide any stacktrace information)
Command duration or timeout: 14 milliseconds
For documentation on this error, please visit: http://seleniumhq.org/exceptions/invalid_selector_exception.html
Build info: version: &apos;2.53.0&apos;, revision: &apos;35ae25b1534ae328c771e0856c93e187490ca824&apos;, time: &apos;2016-03-15 10:43:46&apos;
System info: host: &apos;Alexs-MBP&apos;, ip: &apos;10.10.0.254&apos;, os.name: &apos;Mac OS X&apos;, os.arch: &apos;x86_64&apos;, os.version: &apos;10.11.5&apos;, java.version: &apos;1.8.0_91&apos;
Driver info: org.openqa.selenium.chrome.ChromeDriver
Capabilities [{applicationCacheEnabled=false, rotatable=false, mobileEmulationEnabled=false, chrome={chromedriverVersion=2.22.397929 (fb72fb249a903a0b1041ea71eb4c8b3fa0d9be5a), userDataDir=/var/folders/21/jx_p6g5x53b643vfr7mcn2j00000gn/T/.org.chromium.Chromium.JYXgQj}, takesHeapSnapshot=true, databaseEnabled=false, handlesAlerts=true, hasTouchScreen=false, version=51.0.2704.103, platform=MAC, browserConnectionEnabled=false, nativeEvents=true, acceptSslCerts=true, locationContextEnabled=true, webStorageEnabled=true, browserName=chrome, takesScreenshot=true, javascriptEnabled=true, cssSelectorsEnabled=true}]
Session ID: 618e5c05062df6f925a09b42b79e54e4
*** Element info: {Using=css selector, value=css=div.play-button.center-block}" type="org.openqa.selenium.InvalidSelectorException">org.openqa.selenium.InvalidSelectorException: invalid selector: An invalid or illegal selector was specified
  (Session info: chrome=51.0.2704.103)
  (Driver info: chromedriver=2.22.397929 (fb72fb249a903a0b1041ea71eb4c8b3fa0d9be5a),platform=Mac OS X 10.11.5 x86_64) (WARNING: The server did not provide any stacktrace information)
Command duration or timeout: 14 milliseconds
For documentation on this error, please visit: http://seleniumhq.org/exceptions/invalid_selector_exception.html
Build info: version: &apos;2.53.0&apos;, revision: &apos;35ae25b1534ae328c771e0856c93e187490ca824&apos;, time: &apos;2016-03-15 10:43:46&apos;
System info: host: &apos;Alexs-MBP&apos;, ip: &apos;10.10.0.254&apos;, os.name: &apos;Mac OS X&apos;, os.arch: &apos;x86_64&apos;, os.version: &apos;10.11.5&apos;, java.version: &apos;1.8.0_91&apos;
Driver info: org.openqa.selenium.chrome.ChromeDriver
Capabilities [{applicationCacheEnabled=false, rotatable=false, mobileEmulationEnabled=false, chrome={chromedriverVersion=2.22.397929 (fb72fb249a903a0b1041ea71eb4c8b3fa0d9be5a), userDataDir=/var/folders/21/jx_p6g5x53b643vfr7mcn2j00000gn/T/.org.chromium.Chromium.JYXgQj}, takesHeapSnapshot=true, databaseEnabled=false, handlesAlerts=true, hasTouchScreen=false, version=51.0.2704.103, platform=MAC, browserConnectionEnabled=false, nativeEvents=true, acceptSslCerts=true, locationContextEnabled=true, webStorageEnabled=true, browserName=chrome, takesScreenshot=true, javascriptEnabled=true, cssSelectorsEnabled=true}]
Session ID: 618e5c05062df6f925a09b42b79e54e4
*** Element info: {Using=css selector, value=css=div.play-button.center-block}
	at sun.reflect.NativeConstructorAccessorImpl.newInstance0(Native Method)
	at sun.reflect.NativeConstructorAccessorImpl.newInstance(NativeConstructorAccessorImpl.java:62)
	at sun.reflect.DelegatingConstructorAccessorImpl.newInstance(DelegatingConstructorAccessorImpl.java:45)
	at java.lang.reflect.Constructor.newInstance(Constructor.java:423)
	at org.openqa.selenium.remote.ErrorHandler.createThrowable(ErrorHandler.java:206)
	at org.openqa.selenium.remote.ErrorHandler.throwIfResponseFailed(ErrorHandler.java:158)
	at org.openqa.selenium.remote.RemoteWebDriver.execute(RemoteWebDriver.java:678)
	at org.openqa.selenium.remote.RemoteWebDriver.findElement(RemoteWebDriver.java:363)
	at org.openqa.selenium.remote.RemoteWebDriver.findElementByCssSelector(RemoteWebDriver.java:492)
	at org.openqa.selenium.By$ByCssSelector.findElement(By.java:430)
	at org.openqa.selenium.remote.RemoteWebDriver.findElement(RemoteWebDriver.java:355)
	at org.openqa.selenium.support.pagefactory.DefaultElementLocator.findElement(DefaultElementLocator.java:69)
	at org.openqa.selenium.support.pagefactory.internal.LocatingElementHandler.invoke(LocatingElementHandler.java:38)
	at com.sun.proxy.$Proxy27.click(Unknown Source)
	at com.IntegrativeNutrition.Marketing.Pages.HealthCoachingPage.clickWatchVideo(HealthCoachingPage.java:61)
	at com.IntegrativeNutrition.Marketing.Tests.Web.HealthCoachingTest.videoPlay(HealthCoachingTest.java:60)
</failure>
  </testcase>
  <testcase classname="com.IntegrativeNutrition.Marketing.Tests.Web.HomePageTest" name="assertBannerIsDisplayed" time="3.049"/>
  <testcase classname="com.IntegrativeNutrition.Marketing.Tests.Web.HomePageTest" name="assertSampleProgramButtonTriggersScroll" time="1.311">
    <failure message="expected [true] but found [false]" type="java.lang.AssertionError">java.lang.AssertionError: expected [true] but found [false]
	at org.testng.Assert.fail(Assert.java:94)
	at org.testng.Assert.failNotEquals(Assert.java:513)
	at org.testng.Assert.assertTrue(Assert.java:42)
	at org.testng.Assert.assertTrue(Assert.java:52)
	at com.IntegrativeNutrition.Marketing.Tests.Web.HomePageTest.assertSampleProgramButtonTriggersScroll(HomePageTest.java:24)
</failure>
  </testcase>
  <testcase classname="com.IntegrativeNutrition.Marketing.Tests.Web.HomePageTest" name="videoPlay" time="116.01">
    <failure message="expected [true] but found [false]" type="java.lang.AssertionError">java.lang.AssertionError: expected [true] but found [false]
	at org.testng.Assert.fail(Assert.java:94)
	at org.testng.Assert.failNotEquals(Assert.java:513)
	at org.testng.Assert.assertTrue(Assert.java:42)
	at org.testng.Assert.assertTrue(Assert.java:52)
	at com.IntegrativeNutrition.Marketing.Tests.Web.HomePageTest.videoPlay(HomePageTest.java:32)
</failure>
  </testcase>
  <testcase classname="com.IntegrativeNutrition.Marketing.Tests.Web.InfoSessionTest" name="countryFlagMatch" time="4.661">
    <failure type="java.lang.NullPointerException">java.lang.NullPointerException
	at com.IntegrativeNutrition.Marketing.Pages.Forms.inputName(Forms.java:104)
	at com.IntegrativeNutrition.Marketing.Tests.Web.InfoSessionTest.countryFlagMatch(InfoSessionTest.java:37)
</failure>
    <system-err>Starting ChromeDriver 2.22.397929 (fb72fb249a903a0b1041ea71eb4c8b3fa0d9be5a) on port 42293
Only local connections are allowed.
</system-err>
  </testcase>
  <testcase classname="com.IntegrativeNutrition.Marketing.Tests.Web.InfoSessionTest" name="emailValidation" time="1.931">
    <failure type="java.lang.NullPointerException">java.lang.NullPointerException
	at com.IntegrativeNutrition.Marketing.Pages.Forms.inputName(Forms.java:104)
	at com.IntegrativeNutrition.Marketing.Tests.Web.InfoSessionTest.emailValidation(InfoSessionTest.java:26)
</failure>
  </testcase>
  <testcase classname="com.IntegrativeNutrition.Marketing.Tests.Web.InfoSessionTest" name="nameValidation" time="1.738">
    <failure type="java.lang.NullPointerException">java.lang.NullPointerException
	at com.IntegrativeNutrition.Marketing.Pages.Forms.inputEmail(Forms.java:109)
	at com.IntegrativeNutrition.Marketing.Tests.Web.InfoSessionTest.nameValidation(InfoSessionTest.java:16)
</failure>
  </testcase>
  <testcase classname="com.IntegrativeNutrition.Marketing.Tests.Web.PaidLeadTest" name="assertBannerIsDisplayed" time="5.591">
    <failure type="java.lang.NullPointerException">java.lang.NullPointerException
	at com.IntegrativeNutrition.Marketing.Pages.PaidLeadGen.&lt;init&gt;(PaidLeadGen.java:40)
	at com.IntegrativeNutrition.Marketing.Pages.Screens.SampleNutritionClassPage(Screens.java:145)
	at com.IntegrativeNutrition.Marketing.Tests.Web.PaidLeadTest.assertBannerIsDisplayed(PaidLeadTest.java:21)
</failure>
    <system-err>Starting ChromeDriver 2.22.397929 (fb72fb249a903a0b1041ea71eb4c8b3fa0d9be5a) on port 15736
Only local connections are allowed.
</system-err>
  </testcase>
  <testcase classname="com.IntegrativeNutrition.Marketing.Tests.Web.PaidLeadTest" name="bannerDisplayedD" time="1.505">
    <failure type="java.lang.NullPointerException">java.lang.NullPointerException
	at com.IntegrativeNutrition.Marketing.Pages.PaidLeadGen.&lt;init&gt;(PaidLeadGen.java:40)
	at com.IntegrativeNutrition.Marketing.Pages.Screens.SampleNutritionClassPage_d(Screens.java:163)
	at com.IntegrativeNutrition.Marketing.Tests.Web.PaidLeadTest.bannerDisplayedD(PaidLeadTest.java:147)
</failure>
  </testcase>
  <testcase classname="com.IntegrativeNutrition.Marketing.Tests.Web.PaidLeadTest" name="bannerDisplayedR" time="1.246">
    <failure type="java.lang.NullPointerException">java.lang.NullPointerException
	at com.IntegrativeNutrition.Marketing.Pages.PaidLeadGen.&lt;init&gt;(PaidLeadGen.java:40)
	at com.IntegrativeNutrition.Marketing.Pages.Screens.SampleNutritionClassPage_r(Screens.java:154)
	at com.IntegrativeNutrition.Marketing.Tests.Web.PaidLeadTest.bannerDisplayedR(PaidLeadTest.java:86)
</failure>
  </testcase>
  <testcase classname="com.IntegrativeNutrition.Marketing.Tests.Web.PaidLeadTest" name="countryFlagMatch" time="1.079">
    <failure type="java.lang.NullPointerException">java.lang.NullPointerException
	at com.IntegrativeNutrition.Marketing.Pages.PaidLeadGen.&lt;init&gt;(PaidLeadGen.java:40)
	at com.IntegrativeNutrition.Marketing.Pages.Screens.SampleNutritionClassPage(Screens.java:145)
	at com.IntegrativeNutrition.Marketing.Tests.Web.PaidLeadTest.countryFlagMatch(PaidLeadTest.java:51)
</failure>
  </testcase>
  <testcase classname="com.IntegrativeNutrition.Marketing.Tests.Web.PaidLeadTest" name="countryFlagMatchD" time="0.682">
    <failure type="java.lang.NullPointerException">java.lang.NullPointerException
	at com.IntegrativeNutrition.Marketing.Pages.PaidLeadGen.&lt;init&gt;(PaidLeadGen.java:40)
	at com.IntegrativeNutrition.Marketing.Pages.Screens.SampleNutritionClassPage_d(Screens.java:163)
	at com.IntegrativeNutrition.Marketing.Tests.Web.PaidLeadTest.countryFlagMatchD(PaidLeadTest.java:176)
</failure>
  </testcase>
  <testcase classname="com.IntegrativeNutrition.Marketing.Tests.Web.PaidLeadTest" name="countryFlagMatchR" time="0.924">
    <failure type="java.lang.NullPointerException">java.lang.NullPointerException
	at com.IntegrativeNutrition.Marketing.Pages.PaidLeadGen.&lt;init&gt;(PaidLeadGen.java:40)
	at com.IntegrativeNutrition.Marketing.Pages.Screens.SampleNutritionClassPage_r(Screens.java:154)
	at com.IntegrativeNutrition.Marketing.Tests.Web.PaidLeadTest.countryFlagMatchR(PaidLeadTest.java:115)
</failure>
  </testcase>
  <testcase classname="com.IntegrativeNutrition.Marketing.Tests.Web.PaidLeadTest" name="emailValidation" time="0.655">
    <failure type="java.lang.NullPointerException">java.lang.NullPointerException
	at com.IntegrativeNutrition.Marketing.Pages.PaidLeadGen.&lt;init&gt;(PaidLeadGen.java:40)
	at com.IntegrativeNutrition.Marketing.Pages.Screens.SampleNutritionClassPage(Screens.java:145)
	at com.IntegrativeNutrition.Marketing.Tests.Web.PaidLeadTest.emailValidation(PaidLeadTest.java:41)
</failure>
  </testcase>
  <testcase classname="com.IntegrativeNutrition.Marketing.Tests.Web.PaidLeadTest" name="emailValidationD" time="0.745">
    <failure type="java.lang.NullPointerException">java.lang.NullPointerException
	at com.IntegrativeNutrition.Marketing.Pages.PaidLeadGen.&lt;init&gt;(PaidLeadGen.java:40)
	at com.IntegrativeNutrition.Marketing.Pages.Screens.SampleNutritionClassPage_d(Screens.java:163)
	at com.IntegrativeNutrition.Marketing.Tests.Web.PaidLeadTest.emailValidationD(PaidLeadTest.java:166)
</failure>
  </testcase>
  <testcase classname="com.IntegrativeNutrition.Marketing.Tests.Web.PaidLeadTest" name="emailValidationR" time="0.723">
    <failure type="java.lang.NullPointerException">java.lang.NullPointerException
	at com.IntegrativeNutrition.Marketing.Pages.PaidLeadGen.&lt;init&gt;(PaidLeadGen.java:40)
	at com.IntegrativeNutrition.Marketing.Pages.Screens.SampleNutritionClassPage_r(Screens.java:154)
	at com.IntegrativeNutrition.Marketing.Tests.Web.PaidLeadTest.emailValidationR(PaidLeadTest.java:106)
</failure>
  </testcase>
  <testcase classname="com.IntegrativeNutrition.Marketing.Tests.Web.PaidLeadTest" name="formSubmit" time="0.695">
    <failure type="java.lang.NullPointerException">java.lang.NullPointerException
	at com.IntegrativeNutrition.Marketing.Pages.PaidLeadGen.&lt;init&gt;(PaidLeadGen.java:40)
	at com.IntegrativeNutrition.Marketing.Pages.Screens.SampleNutritionClassPage(Screens.java:145)
	at com.IntegrativeNutrition.Marketing.Tests.Web.PaidLeadTest.formSubmit(PaidLeadTest.java:70)
</failure>
  </testcase>
  <testcase classname="com.IntegrativeNutrition.Marketing.Tests.Web.PaidLeadTest" name="formSubmitR" time="1.05">
    <failure type="java.lang.NullPointerException">java.lang.NullPointerException
	at com.IntegrativeNutrition.Marketing.Pages.PaidLeadGen.&lt;init&gt;(PaidLeadGen.java:40)
	at com.IntegrativeNutrition.Marketing.Pages.Screens.SampleNutritionClassPage_r(Screens.java:154)
	at com.IntegrativeNutrition.Marketing.Tests.Web.PaidLeadTest.formSubmitR(PaidLeadTest.java:133)
</failure>
  </testcase>
  <testcase classname="com.IntegrativeNutrition.Marketing.Tests.Web.PaidLeadTest" name="nameValidation" time="0.568">
    <failure type="java.lang.NullPointerException">java.lang.NullPointerException
	at com.IntegrativeNutrition.Marketing.Pages.PaidLeadGen.&lt;init&gt;(PaidLeadGen.java:40)
	at com.IntegrativeNutrition.Marketing.Pages.Screens.SampleNutritionClassPage(Screens.java:145)
	at com.IntegrativeNutrition.Marketing.Tests.Web.PaidLeadTest.nameValidation(PaidLeadTest.java:30)
</failure>
  </testcase>
  <testcase classname="com.IntegrativeNutrition.Marketing.Tests.Web.PaidLeadTest" name="nameValidationD" time="0.859">
    <failure type="java.lang.NullPointerException">java.lang.NullPointerException
	at com.IntegrativeNutrition.Marketing.Pages.PaidLeadGen.&lt;init&gt;(PaidLeadGen.java:40)
	at com.IntegrativeNutrition.Marketing.Pages.Screens.SampleNutritionClassPage_d(Screens.java:163)
	at com.IntegrativeNutrition.Marketing.Tests.Web.PaidLeadTest.nameValidationD(PaidLeadTest.java:156)
</failure>
  </testcase>
  <testcase classname="com.IntegrativeNutrition.Marketing.Tests.Web.PaidLeadTest" name="nameValidationR" time="0.713">
    <failure type="java.lang.NullPointerException">java.lang.NullPointerException
	at com.IntegrativeNutrition.Marketing.Pages.PaidLeadGen.&lt;init&gt;(PaidLeadGen.java:40)
	at com.IntegrativeNutrition.Marketing.Pages.Screens.SampleNutritionClassPage_r(Screens.java:154)
	at com.IntegrativeNutrition.Marketing.Tests.Web.PaidLeadTest.nameValidationR(PaidLeadTest.java:95)
</failure>
  </testcase>
  <testcase classname="com.IntegrativeNutrition.Marketing.Tests.Web.SampleClassModuleTest" name="bannerDisplayed" time="3.185"/>
  <testcase classname="com.IntegrativeNutrition.Marketing.Tests.Web.SampleClassModuleTest" name="videoPlay" time="61.617">
    <failure message="no such element: Unable to locate element: {&quot;method&quot;:&quot;xpath&quot;,&quot;selector&quot;:&quot;.//*[@id=&apos;block-system-main&apos;]/div[3]/div/div/div/div[5]/div/div/div[1]/div/div&quot;}
  (Session info: chrome=51.0.2704.103)
  (Driver info: chromedriver=2.22.397929 (fb72fb249a903a0b1041ea71eb4c8b3fa0d9be5a),platform=Mac OS X 10.11.5 x86_64) (WARNING: The server did not provide any stacktrace information)
Command duration or timeout: 60.04 seconds
For documentation on this error, please visit: http://seleniumhq.org/exceptions/no_such_element.html
Build info: version: &apos;2.53.0&apos;, revision: &apos;35ae25b1534ae328c771e0856c93e187490ca824&apos;, time: &apos;2016-03-15 10:43:46&apos;
System info: host: &apos;Alexs-MBP&apos;, ip: &apos;10.10.0.254&apos;, os.name: &apos;Mac OS X&apos;, os.arch: &apos;x86_64&apos;, os.version: &apos;10.11.5&apos;, java.version: &apos;1.8.0_91&apos;
Driver info: org.openqa.selenium.chrome.ChromeDriver
Capabilities [{applicationCacheEnabled=false, rotatable=false, mobileEmulationEnabled=false, chrome={chromedriverVersion=2.22.397929 (fb72fb249a903a0b1041ea71eb4c8b3fa0d9be5a), userDataDir=/var/folders/21/jx_p6g5x53b643vfr7mcn2j00000gn/T/.org.chromium.Chromium.JYRmCm}, takesHeapSnapshot=true, databaseEnabled=false, handlesAlerts=true, hasTouchScreen=false, version=51.0.2704.103, platform=MAC, browserConnectionEnabled=false, nativeEvents=true, acceptSslCerts=true, locationContextEnabled=true, webStorageEnabled=true, browserName=chrome, takesScreenshot=true, javascriptEnabled=true, cssSelectorsEnabled=true}]
Session ID: a8caadab9393d0a80ff66c3d054553f3
*** Element info: {Using=xpath, value=.//*[@id=&apos;block-system-main&apos;]/div[3]/div/div/div/div[5]/div/div/div[1]/div/div}" type="org.openqa.selenium.NoSuchElementException">org.openqa.selenium.NoSuchElementException: no such element: Unable to locate element: {&quot;method&quot;:&quot;xpath&quot;,&quot;selector&quot;:&quot;.//*[@id=&apos;block-system-main&apos;]/div[3]/div/div/div/div[5]/div/div/div[1]/div/div&quot;}
  (Session info: chrome=51.0.2704.103)
  (Driver info: chromedriver=2.22.397929 (fb72fb249a903a0b1041ea71eb4c8b3fa0d9be5a),platform=Mac OS X 10.11.5 x86_64) (WARNING: The server did not provide any stacktrace information)
Command duration or timeout: 60.04 seconds
For documentation on this error, please visit: http://seleniumhq.org/exceptions/no_such_element.html
Build info: version: &apos;2.53.0&apos;, revision: &apos;35ae25b1534ae328c771e0856c93e187490ca824&apos;, time: &apos;2016-03-15 10:43:46&apos;
System info: host: &apos;Alexs-MBP&apos;, ip: &apos;10.10.0.254&apos;, os.name: &apos;Mac OS X&apos;, os.arch: &apos;x86_64&apos;, os.version: &apos;10.11.5&apos;, java.version: &apos;1.8.0_91&apos;
Driver info: org.openqa.selenium.chrome.ChromeDriver
Capabilities [{applicationCacheEnabled=false, rotatable=false, mobileEmulationEnabled=false, chrome={chromedriverVersion=2.22.397929 (fb72fb249a903a0b1041ea71eb4c8b3fa0d9be5a), userDataDir=/var/folders/21/jx_p6g5x53b643vfr7mcn2j00000gn/T/.org.chromium.Chromium.JYRmCm}, takesHeapSnapshot=true, databaseEnabled=false, handlesAlerts=true, hasTouchScreen=false, version=51.0.2704.103, platform=MAC, browserConnectionEnabled=false, nativeEvents=true, acceptSslCerts=true, locationContextEnabled=true, webStorageEnabled=true, browserName=chrome, takesScreenshot=true, javascriptEnabled=true, cssSelectorsEnabled=true}]
Session ID: a8caadab9393d0a80ff66c3d054553f3
*** Element info: {Using=xpath, value=.//*[@id=&apos;block-system-main&apos;]/div[3]/div/div/div/div[5]/div/div/div[1]/div/div}
	at sun.reflect.NativeConstructorAccessorImpl.newInstance0(Native Method)
	at sun.reflect.NativeConstructorAccessorImpl.newInstance(NativeConstructorAccessorImpl.java:62)
	at sun.reflect.DelegatingConstructorAccessorImpl.newInstance(DelegatingConstructorAccessorImpl.java:45)
	at java.lang.reflect.Constructor.newInstance(Constructor.java:423)
	at org.openqa.selenium.remote.ErrorHandler.createThrowable(ErrorHandler.java:206)
	at org.openqa.selenium.remote.ErrorHandler.throwIfResponseFailed(ErrorHandler.java:158)
	at org.openqa.selenium.remote.RemoteWebDriver.execute(RemoteWebDriver.java:678)
	at org.openqa.selenium.remote.RemoteWebDriver.findElement(RemoteWebDriver.java:363)
	at org.openqa.selenium.remote.RemoteWebDriver.findElementByXPath(RemoteWebDriver.java:500)
	at org.openqa.selenium.By$ByXPath.findElement(By.java:361)
	at org.openqa.selenium.remote.RemoteWebDriver.findElement(RemoteWebDriver.java:355)
	at org.openqa.selenium.support.pagefactory.DefaultElementLocator.findElement(DefaultElementLocator.java:69)
	at org.openqa.selenium.support.pagefactory.internal.LocatingElementHandler.invoke(LocatingElementHandler.java:38)
	at com.sun.proxy.$Proxy27.click(Unknown Source)
	at com.IntegrativeNutrition.Marketing.Pages.SampleClassModulePage.clickWelcomeVideo(SampleClassModulePage.java:57)
	at com.IntegrativeNutrition.Marketing.Tests.Web.SampleClassModuleTest.videoPlay(SampleClassModuleTest.java:23)
</failure>
  </testcase>
  <testcase classname="com.IntegrativeNutrition.Marketing.Tests.Web.ThankYouPagesTest" name="assertBannerIsDisplayed" time="3.343"/>
  <testcase classname="com.IntegrativeNutrition.Marketing.Tests.Web.ThankYouPagesTest" name="guideTyPlay" time="123.286">
    <failure message="expected [true] but found [false]" type="java.lang.AssertionError">java.lang.AssertionError: expected [true] but found [false]
	at org.testng.Assert.fail(Assert.java:94)
	at org.testng.Assert.failNotEquals(Assert.java:513)
	at org.testng.Assert.assertTrue(Assert.java:42)
	at org.testng.Assert.assertTrue(Assert.java:52)
	at com.IntegrativeNutrition.Marketing.Tests.Web.ThankYouPagesTest.guideTyPlay(ThankYouPagesTest.java:50)
</failure>
  </testcase>
  <testcase classname="com.IntegrativeNutrition.Marketing.Tests.Web.ThankYouPagesTest" name="verifyBannerIsDisplayed" time="1.122"/>
  <testcase classname="com.IntegrativeNutrition.Marketing.Tests.Web.ThankYouPagesTest" name="videoPlay" time="148.967">
    <failure message="expected [true] but found [false]" type="java.lang.AssertionError">java.lang.AssertionError: expected [true] but found [false]
	at org.testng.Assert.fail(Assert.java:94)
	at org.testng.Assert.failNotEquals(Assert.java:513)
	at org.testng.Assert.assertTrue(Assert.java:42)
	at org.testng.Assert.assertTrue(Assert.java:52)
	at com.IntegrativeNutrition.Marketing.Tests.Web.ThankYouPagesTest.videoPlay(ThankYouPagesTest.java:28)
</failure>
  </testcase>
</testsuite>