<?xml version="1.0" encoding="UTF-8"?>
<testng-results skipped="0" failed="8" total="8" passed="0">
  <reporter-output>
  </reporter-output>
  <suite name="Default suite" duration-ms="261" started-at="2016-08-02T06:20:47Z" finished-at="2016-08-02T06:20:47Z">
    <groups>
      <group name="fasttest">
        <method signature="ThankYouPagesTest.assertBannerIsDisplayed()[pri:1, instance:com.IntegrativeNutrition.Marketing.Tests.Web.ThankYouPagesTest@6eebc39e]" name="assertBannerIsDisplayed" class="com.IntegrativeNutrition.Marketing.Tests.Web.ThankYouPagesTest"/>
        <method signature="ThankYouPagesTest.assertBannerTextIsDisplayed()[pri:1, instance:com.IntegrativeNutrition.Marketing.Tests.Web.ThankYouPagesTest@6eebc39e]" name="assertBannerTextIsDisplayed" class="com.IntegrativeNutrition.Marketing.Tests.Web.ThankYouPagesTest"/>
        <method signature="ThankYouPagesTest.assertClassBodyTextIsDisplayed()[pri:1, instance:com.IntegrativeNutrition.Marketing.Tests.Web.ThankYouPagesTest@6eebc39e]" name="assertClassBodyTextIsDisplayed" class="com.IntegrativeNutrition.Marketing.Tests.Web.ThankYouPagesTest"/>
        <method signature="ThankYouPagesTest.assertGuideBodyTextIsDisplayed()[pri:1, instance:com.IntegrativeNutrition.Marketing.Tests.Web.ThankYouPagesTest@6eebc39e]" name="assertGuideBodyTextIsDisplayed" class="com.IntegrativeNutrition.Marketing.Tests.Web.ThankYouPagesTest"/>
        <method signature="ThankYouPagesTest.verifyBannerIsDisplayed()[pri:1, instance:com.IntegrativeNutrition.Marketing.Tests.Web.ThankYouPagesTest@6eebc39e]" name="verifyBannerIsDisplayed" class="com.IntegrativeNutrition.Marketing.Tests.Web.ThankYouPagesTest"/>
        <method signature="ThankYouPagesTest.verifyBannerTextIsDisplayed()[pri:1, instance:com.IntegrativeNutrition.Marketing.Tests.Web.ThankYouPagesTest@6eebc39e]" name="verifyBannerTextIsDisplayed" class="com.IntegrativeNutrition.Marketing.Tests.Web.ThankYouPagesTest"/>
      </group> <!-- fasttest -->
      <group name="web">
        <method signature="ThankYouPagesTest.assertBannerIsDisplayed()[pri:1, instance:com.IntegrativeNutrition.Marketing.Tests.Web.ThankYouPagesTest@6eebc39e]" name="assertBannerIsDisplayed" class="com.IntegrativeNutrition.Marketing.Tests.Web.ThankYouPagesTest"/>
        <method signature="ThankYouPagesTest.assertBannerTextIsDisplayed()[pri:1, instance:com.IntegrativeNutrition.Marketing.Tests.Web.ThankYouPagesTest@6eebc39e]" name="assertBannerTextIsDisplayed" class="com.IntegrativeNutrition.Marketing.Tests.Web.ThankYouPagesTest"/>
        <method signature="ThankYouPagesTest.assertClassBodyTextIsDisplayed()[pri:1, instance:com.IntegrativeNutrition.Marketing.Tests.Web.ThankYouPagesTest@6eebc39e]" name="assertClassBodyTextIsDisplayed" class="com.IntegrativeNutrition.Marketing.Tests.Web.ThankYouPagesTest"/>
        <method signature="ThankYouPagesTest.assertGuideBodyTextIsDisplayed()[pri:1, instance:com.IntegrativeNutrition.Marketing.Tests.Web.ThankYouPagesTest@6eebc39e]" name="assertGuideBodyTextIsDisplayed" class="com.IntegrativeNutrition.Marketing.Tests.Web.ThankYouPagesTest"/>
        <method signature="ThankYouPagesTest.guideTyPlay()[pri:1, instance:com.IntegrativeNutrition.Marketing.Tests.Web.ThankYouPagesTest@6eebc39e]" name="guideTyPlay" class="com.IntegrativeNutrition.Marketing.Tests.Web.ThankYouPagesTest"/>
        <method signature="ThankYouPagesTest.verifyBannerIsDisplayed()[pri:1, instance:com.IntegrativeNutrition.Marketing.Tests.Web.ThankYouPagesTest@6eebc39e]" name="verifyBannerIsDisplayed" class="com.IntegrativeNutrition.Marketing.Tests.Web.ThankYouPagesTest"/>
        <method signature="ThankYouPagesTest.verifyBannerTextIsDisplayed()[pri:1, instance:com.IntegrativeNutrition.Marketing.Tests.Web.ThankYouPagesTest@6eebc39e]" name="verifyBannerTextIsDisplayed" class="com.IntegrativeNutrition.Marketing.Tests.Web.ThankYouPagesTest"/>
        <method signature="ThankYouPagesTest.videoPlay()[pri:1, instance:com.IntegrativeNutrition.Marketing.Tests.Web.ThankYouPagesTest@6eebc39e]" name="videoPlay" class="com.IntegrativeNutrition.Marketing.Tests.Web.ThankYouPagesTest"/>
      </group> <!-- web -->
      <group name="slowtest">
        <method signature="ThankYouPagesTest.guideTyPlay()[pri:1, instance:com.IntegrativeNutrition.Marketing.Tests.Web.ThankYouPagesTest@6eebc39e]" name="guideTyPlay" class="com.IntegrativeNutrition.Marketing.Tests.Web.ThankYouPagesTest"/>
        <method signature="ThankYouPagesTest.videoPlay()[pri:1, instance:com.IntegrativeNutrition.Marketing.Tests.Web.ThankYouPagesTest@6eebc39e]" name="videoPlay" class="com.IntegrativeNutrition.Marketing.Tests.Web.ThankYouPagesTest"/>
      </group> <!-- slowtest -->
      <group name="beforedeploy">
        <method signature="ThankYouPagesTest.assertBannerIsDisplayed()[pri:1, instance:com.IntegrativeNutrition.Marketing.Tests.Web.ThankYouPagesTest@6eebc39e]" name="assertBannerIsDisplayed" class="com.IntegrativeNutrition.Marketing.Tests.Web.ThankYouPagesTest"/>
        <method signature="ThankYouPagesTest.assertBannerTextIsDisplayed()[pri:1, instance:com.IntegrativeNutrition.Marketing.Tests.Web.ThankYouPagesTest@6eebc39e]" name="assertBannerTextIsDisplayed" class="com.IntegrativeNutrition.Marketing.Tests.Web.ThankYouPagesTest"/>
        <method signature="ThankYouPagesTest.assertClassBodyTextIsDisplayed()[pri:1, instance:com.IntegrativeNutrition.Marketing.Tests.Web.ThankYouPagesTest@6eebc39e]" name="assertClassBodyTextIsDisplayed" class="com.IntegrativeNutrition.Marketing.Tests.Web.ThankYouPagesTest"/>
        <method signature="ThankYouPagesTest.assertGuideBodyTextIsDisplayed()[pri:1, instance:com.IntegrativeNutrition.Marketing.Tests.Web.ThankYouPagesTest@6eebc39e]" name="assertGuideBodyTextIsDisplayed" class="com.IntegrativeNutrition.Marketing.Tests.Web.ThankYouPagesTest"/>
        <method signature="ThankYouPagesTest.verifyBannerIsDisplayed()[pri:1, instance:com.IntegrativeNutrition.Marketing.Tests.Web.ThankYouPagesTest@6eebc39e]" name="verifyBannerIsDisplayed" class="com.IntegrativeNutrition.Marketing.Tests.Web.ThankYouPagesTest"/>
        <method signature="ThankYouPagesTest.verifyBannerTextIsDisplayed()[pri:1, instance:com.IntegrativeNutrition.Marketing.Tests.Web.ThankYouPagesTest@6eebc39e]" name="verifyBannerTextIsDisplayed" class="com.IntegrativeNutrition.Marketing.Tests.Web.ThankYouPagesTest"/>
      </group> <!-- beforedeploy -->
      <group name="web.critical">
        <method signature="ThankYouPagesTest.assertBannerIsDisplayed()[pri:1, instance:com.IntegrativeNutrition.Marketing.Tests.Web.ThankYouPagesTest@6eebc39e]" name="assertBannerIsDisplayed" class="com.IntegrativeNutrition.Marketing.Tests.Web.ThankYouPagesTest"/>
        <method signature="ThankYouPagesTest.assertBannerTextIsDisplayed()[pri:1, instance:com.IntegrativeNutrition.Marketing.Tests.Web.ThankYouPagesTest@6eebc39e]" name="assertBannerTextIsDisplayed" class="com.IntegrativeNutrition.Marketing.Tests.Web.ThankYouPagesTest"/>
        <method signature="ThankYouPagesTest.assertClassBodyTextIsDisplayed()[pri:1, instance:com.IntegrativeNutrition.Marketing.Tests.Web.ThankYouPagesTest@6eebc39e]" name="assertClassBodyTextIsDisplayed" class="com.IntegrativeNutrition.Marketing.Tests.Web.ThankYouPagesTest"/>
        <method signature="ThankYouPagesTest.assertGuideBodyTextIsDisplayed()[pri:1, instance:com.IntegrativeNutrition.Marketing.Tests.Web.ThankYouPagesTest@6eebc39e]" name="assertGuideBodyTextIsDisplayed" class="com.IntegrativeNutrition.Marketing.Tests.Web.ThankYouPagesTest"/>
        <method signature="ThankYouPagesTest.verifyBannerIsDisplayed()[pri:1, instance:com.IntegrativeNutrition.Marketing.Tests.Web.ThankYouPagesTest@6eebc39e]" name="verifyBannerIsDisplayed" class="com.IntegrativeNutrition.Marketing.Tests.Web.ThankYouPagesTest"/>
        <method signature="ThankYouPagesTest.verifyBannerTextIsDisplayed()[pri:1, instance:com.IntegrativeNutrition.Marketing.Tests.Web.ThankYouPagesTest@6eebc39e]" name="verifyBannerTextIsDisplayed" class="com.IntegrativeNutrition.Marketing.Tests.Web.ThankYouPagesTest"/>
      </group> <!-- web.critical -->
      <group name="beforedeploy.ui">
        <method signature="ThankYouPagesTest.guideTyPlay()[pri:1, instance:com.IntegrativeNutrition.Marketing.Tests.Web.ThankYouPagesTest@6eebc39e]" name="guideTyPlay" class="com.IntegrativeNutrition.Marketing.Tests.Web.ThankYouPagesTest"/>
        <method signature="ThankYouPagesTest.videoPlay()[pri:1, instance:com.IntegrativeNutrition.Marketing.Tests.Web.ThankYouPagesTest@6eebc39e]" name="videoPlay" class="com.IntegrativeNutrition.Marketing.Tests.Web.ThankYouPagesTest"/>
      </group> <!-- beforedeploy.ui -->
    </groups>
    <test name="Default test" duration-ms="261" started-at="2016-08-02T06:20:47Z" finished-at="2016-08-02T06:20:47Z">
      <class name="com.IntegrativeNutrition.Marketing.Tests.Web.ThankYouPagesTest">
        <test-method status="PASS" signature="TestSetup()[pri:0, instance:com.IntegrativeNutrition.Marketing.Tests.Web.ThankYouPagesTest@6eebc39e]" name="TestSetup" is-config="true" duration-ms="49" started-at="2016-08-02T02:20:47Z" finished-at="2016-08-02T02:20:47Z">
          <reporter-output>
          </reporter-output>
        </test-method> <!-- TestSetup -->
        <test-method status="FAIL" signature="assertBannerIsDisplayed()[pri:1, instance:com.IntegrativeNutrition.Marketing.Tests.Web.ThankYouPagesTest@6eebc39e]" name="assertBannerIsDisplayed" duration-ms="33" started-at="2016-08-02T02:20:47Z" finished-at="2016-08-02T02:20:47Z">
          <exception class="java.lang.NullPointerException">
            <full-stacktrace>
              <![CDATA[java.lang.NullPointerException
	at com.IntegrativeNutrition.Marketing.Pages.Screens.GuideThankYou(Screens.java:98)
	at com.IntegrativeNutrition.Marketing.Tests.Web.ThankYouPagesTest.assertBannerIsDisplayed(ThankYouPagesTest.java:56)
	at sun.reflect.NativeMethodAccessorImpl.invoke0(Native Method)
	at sun.reflect.NativeMethodAccessorImpl.invoke(NativeMethodAccessorImpl.java:62)
	at sun.reflect.DelegatingMethodAccessorImpl.invoke(DelegatingMethodAccessorImpl.java:43)
	at java.lang.reflect.Method.invoke(Method.java:498)
	at org.testng.internal.MethodInvocationHelper.invokeMethod(MethodInvocationHelper.java:100)
	at org.testng.internal.Invoker.invokeMethod(Invoker.java:646)
	at org.testng.internal.Invoker.invokeTestMethod(Invoker.java:811)
	at org.testng.internal.Invoker.invokeTestMethods(Invoker.java:1129)
	at org.testng.internal.TestMethodWorker.invokeTestMethods(TestMethodWorker.java:129)
	at org.testng.internal.TestMethodWorker.run(TestMethodWorker.java:112)
	at org.testng.TestRunner.privateRun(TestRunner.java:746)
	at org.testng.TestRunner.run(TestRunner.java:600)
	at org.testng.SuiteRunner.runTest(SuiteRunner.java:366)
	at org.testng.SuiteRunner.runSequentially(SuiteRunner.java:361)
	at org.testng.SuiteRunner.privateRun(SuiteRunner.java:319)
	at org.testng.SuiteRunner.run(SuiteRunner.java:268)
	at org.testng.SuiteRunnerWorker.runSuite(SuiteRunnerWorker.java:52)
	at org.testng.SuiteRunnerWorker.run(SuiteRunnerWorker.java:86)
	at org.testng.TestNG.runSuitesSequentially(TestNG.java:1264)
	at org.testng.TestNG.runSuitesLocally(TestNG.java:1189)
	at org.testng.TestNG.runSuites(TestNG.java:1104)
	at org.testng.TestNG.run(TestNG.java:1076)
	at org.testng.remote.AbstractRemoteTestNG.run(AbstractRemoteTestNG.java:126)
	at org.testng.remote.RemoteTestNG.initAndRun(RemoteTestNG.java:152)
	at org.testng.remote.RemoteTestNG.main(RemoteTestNG.java:57)
]]>
            </full-stacktrace>
          </exception> <!-- java.lang.NullPointerException -->
          <reporter-output>
          </reporter-output>
        </test-method> <!-- assertBannerIsDisplayed -->
        <test-method status="FAIL" signature="assertBannerTextIsDisplayed()[pri:1, instance:com.IntegrativeNutrition.Marketing.Tests.Web.ThankYouPagesTest@6eebc39e]" name="assertBannerTextIsDisplayed" duration-ms="3" started-at="2016-08-02T02:20:47Z" finished-at="2016-08-02T02:20:47Z">
          <exception class="java.lang.NullPointerException">
            <full-stacktrace>
              <![CDATA[java.lang.NullPointerException
	at com.IntegrativeNutrition.Marketing.Pages.Screens.GuideThankYou(Screens.java:98)
	at com.IntegrativeNutrition.Marketing.Tests.Web.ThankYouPagesTest.assertBannerTextIsDisplayed(ThankYouPagesTest.java:63)
	at sun.reflect.NativeMethodAccessorImpl.invoke0(Native Method)
	at sun.reflect.NativeMethodAccessorImpl.invoke(NativeMethodAccessorImpl.java:62)
	at sun.reflect.DelegatingMethodAccessorImpl.invoke(DelegatingMethodAccessorImpl.java:43)
	at java.lang.reflect.Method.invoke(Method.java:498)
	at org.testng.internal.MethodInvocationHelper.invokeMethod(MethodInvocationHelper.java:100)
	at org.testng.internal.Invoker.invokeMethod(Invoker.java:646)
	at org.testng.internal.Invoker.invokeTestMethod(Invoker.java:811)
	at org.testng.internal.Invoker.invokeTestMethods(Invoker.java:1129)
	at org.testng.internal.TestMethodWorker.invokeTestMethods(TestMethodWorker.java:129)
	at org.testng.internal.TestMethodWorker.run(TestMethodWorker.java:112)
	at org.testng.TestRunner.privateRun(TestRunner.java:746)
	at org.testng.TestRunner.run(TestRunner.java:600)
	at org.testng.SuiteRunner.runTest(SuiteRunner.java:366)
	at org.testng.SuiteRunner.runSequentially(SuiteRunner.java:361)
	at org.testng.SuiteRunner.privateRun(SuiteRunner.java:319)
	at org.testng.SuiteRunner.run(SuiteRunner.java:268)
	at org.testng.SuiteRunnerWorker.runSuite(SuiteRunnerWorker.java:52)
	at org.testng.SuiteRunnerWorker.run(SuiteRunnerWorker.java:86)
	at org.testng.TestNG.runSuitesSequentially(TestNG.java:1264)
	at org.testng.TestNG.runSuitesLocally(TestNG.java:1189)
	at org.testng.TestNG.runSuites(TestNG.java:1104)
	at org.testng.TestNG.run(TestNG.java:1076)
	at org.testng.remote.AbstractRemoteTestNG.run(AbstractRemoteTestNG.java:126)
	at org.testng.remote.RemoteTestNG.initAndRun(RemoteTestNG.java:152)
	at org.testng.remote.RemoteTestNG.main(RemoteTestNG.java:57)
]]>
            </full-stacktrace>
          </exception> <!-- java.lang.NullPointerException -->
          <reporter-output>
          </reporter-output>
        </test-method> <!-- assertBannerTextIsDisplayed -->
        <test-method status="FAIL" signature="assertClassBodyTextIsDisplayed()[pri:1, instance:com.IntegrativeNutrition.Marketing.Tests.Web.ThankYouPagesTest@6eebc39e]" name="assertClassBodyTextIsDisplayed" duration-ms="5" started-at="2016-08-02T02:20:47Z" finished-at="2016-08-02T02:20:47Z">
          <exception class="java.lang.NullPointerException">
            <full-stacktrace>
              <![CDATA[java.lang.NullPointerException
	at com.IntegrativeNutrition.Marketing.Pages.Screens.GuideThankYou(Screens.java:98)
	at com.IntegrativeNutrition.Marketing.Tests.Web.ThankYouPagesTest.assertClassBodyTextIsDisplayed(ThankYouPagesTest.java:34)
	at sun.reflect.NativeMethodAccessorImpl.invoke0(Native Method)
	at sun.reflect.NativeMethodAccessorImpl.invoke(NativeMethodAccessorImpl.java:62)
	at sun.reflect.DelegatingMethodAccessorImpl.invoke(DelegatingMethodAccessorImpl.java:43)
	at java.lang.reflect.Method.invoke(Method.java:498)
	at org.testng.internal.MethodInvocationHelper.invokeMethod(MethodInvocationHelper.java:100)
	at org.testng.internal.Invoker.invokeMethod(Invoker.java:646)
	at org.testng.internal.Invoker.invokeTestMethod(Invoker.java:811)
	at org.testng.internal.Invoker.invokeTestMethods(Invoker.java:1129)
	at org.testng.internal.TestMethodWorker.invokeTestMethods(TestMethodWorker.java:129)
	at org.testng.internal.TestMethodWorker.run(TestMethodWorker.java:112)
	at org.testng.TestRunner.privateRun(TestRunner.java:746)
	at org.testng.TestRunner.run(TestRunner.java:600)
	at org.testng.SuiteRunner.runTest(SuiteRunner.java:366)
	at org.testng.SuiteRunner.runSequentially(SuiteRunner.java:361)
	at org.testng.SuiteRunner.privateRun(SuiteRunner.java:319)
	at org.testng.SuiteRunner.run(SuiteRunner.java:268)
	at org.testng.SuiteRunnerWorker.runSuite(SuiteRunnerWorker.java:52)
	at org.testng.SuiteRunnerWorker.run(SuiteRunnerWorker.java:86)
	at org.testng.TestNG.runSuitesSequentially(TestNG.java:1264)
	at org.testng.TestNG.runSuitesLocally(TestNG.java:1189)
	at org.testng.TestNG.runSuites(TestNG.java:1104)
	at org.testng.TestNG.run(TestNG.java:1076)
	at org.testng.remote.AbstractRemoteTestNG.run(AbstractRemoteTestNG.java:126)
	at org.testng.remote.RemoteTestNG.initAndRun(RemoteTestNG.java:152)
	at org.testng.remote.RemoteTestNG.main(RemoteTestNG.java:57)
]]>
            </full-stacktrace>
          </exception> <!-- java.lang.NullPointerException -->
          <reporter-output>
          </reporter-output>
        </test-method> <!-- assertClassBodyTextIsDisplayed -->
        <test-method status="FAIL" signature="assertGuideBodyTextIsDisplayed()[pri:1, instance:com.IntegrativeNutrition.Marketing.Tests.Web.ThankYouPagesTest@6eebc39e]" name="assertGuideBodyTextIsDisplayed" duration-ms="5" started-at="2016-08-02T02:20:47Z" finished-at="2016-08-02T02:20:47Z">
          <exception class="java.lang.NullPointerException">
            <full-stacktrace>
              <![CDATA[java.lang.NullPointerException
	at com.IntegrativeNutrition.Marketing.Pages.Screens.GuideThankYou(Screens.java:98)
	at com.IntegrativeNutrition.Marketing.Tests.Web.ThankYouPagesTest.assertGuideBodyTextIsDisplayed(ThankYouPagesTest.java:70)
	at sun.reflect.NativeMethodAccessorImpl.invoke0(Native Method)
	at sun.reflect.NativeMethodAccessorImpl.invoke(NativeMethodAccessorImpl.java:62)
	at sun.reflect.DelegatingMethodAccessorImpl.invoke(DelegatingMethodAccessorImpl.java:43)
	at java.lang.reflect.Method.invoke(Method.java:498)
	at org.testng.internal.MethodInvocationHelper.invokeMethod(MethodInvocationHelper.java:100)
	at org.testng.internal.Invoker.invokeMethod(Invoker.java:646)
	at org.testng.internal.Invoker.invokeTestMethod(Invoker.java:811)
	at org.testng.internal.Invoker.invokeTestMethods(Invoker.java:1129)
	at org.testng.internal.TestMethodWorker.invokeTestMethods(TestMethodWorker.java:129)
	at org.testng.internal.TestMethodWorker.run(TestMethodWorker.java:112)
	at org.testng.TestRunner.privateRun(TestRunner.java:746)
	at org.testng.TestRunner.run(TestRunner.java:600)
	at org.testng.SuiteRunner.runTest(SuiteRunner.java:366)
	at org.testng.SuiteRunner.runSequentially(SuiteRunner.java:361)
	at org.testng.SuiteRunner.privateRun(SuiteRunner.java:319)
	at org.testng.SuiteRunner.run(SuiteRunner.java:268)
	at org.testng.SuiteRunnerWorker.runSuite(SuiteRunnerWorker.java:52)
	at org.testng.SuiteRunnerWorker.run(SuiteRunnerWorker.java:86)
	at org.testng.TestNG.runSuitesSequentially(TestNG.java:1264)
	at org.testng.TestNG.runSuitesLocally(TestNG.java:1189)
	at org.testng.TestNG.runSuites(TestNG.java:1104)
	at org.testng.TestNG.run(TestNG.java:1076)
	at org.testng.remote.AbstractRemoteTestNG.run(AbstractRemoteTestNG.java:126)
	at org.testng.remote.RemoteTestNG.initAndRun(RemoteTestNG.java:152)
	at org.testng.remote.RemoteTestNG.main(RemoteTestNG.java:57)
]]>
            </full-stacktrace>
          </exception> <!-- java.lang.NullPointerException -->
          <reporter-output>
          </reporter-output>
        </test-method> <!-- assertGuideBodyTextIsDisplayed -->
        <test-method status="FAIL" signature="guideTyPlay()[pri:1, instance:com.IntegrativeNutrition.Marketing.Tests.Web.ThankYouPagesTest@6eebc39e]" name="guideTyPlay" duration-ms="10" started-at="2016-08-02T02:20:47Z" finished-at="2016-08-02T02:20:47Z">
          <exception class="java.lang.NullPointerException">
            <full-stacktrace>
              <![CDATA[java.lang.NullPointerException
	at com.IntegrativeNutrition.Marketing.Pages.Screens.GuideThankYou(Screens.java:98)
	at com.IntegrativeNutrition.Marketing.Tests.Web.ThankYouPagesTest.guideTyPlay(ThankYouPagesTest.java:77)
	at sun.reflect.NativeMethodAccessorImpl.invoke0(Native Method)
	at sun.reflect.NativeMethodAccessorImpl.invoke(NativeMethodAccessorImpl.java:62)
	at sun.reflect.DelegatingMethodAccessorImpl.invoke(DelegatingMethodAccessorImpl.java:43)
	at java.lang.reflect.Method.invoke(Method.java:498)
	at org.testng.internal.MethodInvocationHelper.invokeMethod(MethodInvocationHelper.java:100)
	at org.testng.internal.Invoker.invokeMethod(Invoker.java:646)
	at org.testng.internal.Invoker.invokeTestMethod(Invoker.java:811)
	at org.testng.internal.Invoker.invokeTestMethods(Invoker.java:1129)
	at org.testng.internal.TestMethodWorker.invokeTestMethods(TestMethodWorker.java:129)
	at org.testng.internal.TestMethodWorker.run(TestMethodWorker.java:112)
	at org.testng.TestRunner.privateRun(TestRunner.java:746)
	at org.testng.TestRunner.run(TestRunner.java:600)
	at org.testng.SuiteRunner.runTest(SuiteRunner.java:366)
	at org.testng.SuiteRunner.runSequentially(SuiteRunner.java:361)
	at org.testng.SuiteRunner.privateRun(SuiteRunner.java:319)
	at org.testng.SuiteRunner.run(SuiteRunner.java:268)
	at org.testng.SuiteRunnerWorker.runSuite(SuiteRunnerWorker.java:52)
	at org.testng.SuiteRunnerWorker.run(SuiteRunnerWorker.java:86)
	at org.testng.TestNG.runSuitesSequentially(TestNG.java:1264)
	at org.testng.TestNG.runSuitesLocally(TestNG.java:1189)
	at org.testng.TestNG.runSuites(TestNG.java:1104)
	at org.testng.TestNG.run(TestNG.java:1076)
	at org.testng.remote.AbstractRemoteTestNG.run(AbstractRemoteTestNG.java:126)
	at org.testng.remote.RemoteTestNG.initAndRun(RemoteTestNG.java:152)
	at org.testng.remote.RemoteTestNG.main(RemoteTestNG.java:57)
]]>
            </full-stacktrace>
          </exception> <!-- java.lang.NullPointerException -->
          <reporter-output>
          </reporter-output>
        </test-method> <!-- guideTyPlay -->
        <test-method status="FAIL" signature="verifyBannerIsDisplayed()[pri:1, instance:com.IntegrativeNutrition.Marketing.Tests.Web.ThankYouPagesTest@6eebc39e]" name="verifyBannerIsDisplayed" duration-ms="8" started-at="2016-08-02T02:20:47Z" finished-at="2016-08-02T02:20:47Z">
          <exception class="java.lang.NullPointerException">
            <full-stacktrace>
              <![CDATA[java.lang.NullPointerException
	at com.IntegrativeNutrition.Marketing.Pages.Screens.GuideThankYou(Screens.java:98)
	at com.IntegrativeNutrition.Marketing.Tests.Web.ThankYouPagesTest.verifyBannerIsDisplayed(ThankYouPagesTest.java:17)
	at sun.reflect.NativeMethodAccessorImpl.invoke0(Native Method)
	at sun.reflect.NativeMethodAccessorImpl.invoke(NativeMethodAccessorImpl.java:62)
	at sun.reflect.DelegatingMethodAccessorImpl.invoke(DelegatingMethodAccessorImpl.java:43)
	at java.lang.reflect.Method.invoke(Method.java:498)
	at org.testng.internal.MethodInvocationHelper.invokeMethod(MethodInvocationHelper.java:100)
	at org.testng.internal.Invoker.invokeMethod(Invoker.java:646)
	at org.testng.internal.Invoker.invokeTestMethod(Invoker.java:811)
	at org.testng.internal.Invoker.invokeTestMethods(Invoker.java:1129)
	at org.testng.internal.TestMethodWorker.invokeTestMethods(TestMethodWorker.java:129)
	at org.testng.internal.TestMethodWorker.run(TestMethodWorker.java:112)
	at org.testng.TestRunner.privateRun(TestRunner.java:746)
	at org.testng.TestRunner.run(TestRunner.java:600)
	at org.testng.SuiteRunner.runTest(SuiteRunner.java:366)
	at org.testng.SuiteRunner.runSequentially(SuiteRunner.java:361)
	at org.testng.SuiteRunner.privateRun(SuiteRunner.java:319)
	at org.testng.SuiteRunner.run(SuiteRunner.java:268)
	at org.testng.SuiteRunnerWorker.runSuite(SuiteRunnerWorker.java:52)
	at org.testng.SuiteRunnerWorker.run(SuiteRunnerWorker.java:86)
	at org.testng.TestNG.runSuitesSequentially(TestNG.java:1264)
	at org.testng.TestNG.runSuitesLocally(TestNG.java:1189)
	at org.testng.TestNG.runSuites(TestNG.java:1104)
	at org.testng.TestNG.run(TestNG.java:1076)
	at org.testng.remote.AbstractRemoteTestNG.run(AbstractRemoteTestNG.java:126)
	at org.testng.remote.RemoteTestNG.initAndRun(RemoteTestNG.java:152)
	at org.testng.remote.RemoteTestNG.main(RemoteTestNG.java:57)
]]>
            </full-stacktrace>
          </exception> <!-- java.lang.NullPointerException -->
          <reporter-output>
          </reporter-output>
        </test-method> <!-- verifyBannerIsDisplayed -->
        <test-method status="FAIL" signature="verifyBannerTextIsDisplayed()[pri:1, instance:com.IntegrativeNutrition.Marketing.Tests.Web.ThankYouPagesTest@6eebc39e]" name="verifyBannerTextIsDisplayed" duration-ms="4" started-at="2016-08-02T02:20:47Z" finished-at="2016-08-02T02:20:47Z">
          <exception class="java.lang.NullPointerException">
            <full-stacktrace>
              <![CDATA[java.lang.NullPointerException
	at com.IntegrativeNutrition.Marketing.Pages.Screens.GuideThankYou(Screens.java:98)
	at com.IntegrativeNutrition.Marketing.Tests.Web.ThankYouPagesTest.verifyBannerTextIsDisplayed(ThankYouPagesTest.java:25)
	at sun.reflect.NativeMethodAccessorImpl.invoke0(Native Method)
	at sun.reflect.NativeMethodAccessorImpl.invoke(NativeMethodAccessorImpl.java:62)
	at sun.reflect.DelegatingMethodAccessorImpl.invoke(DelegatingMethodAccessorImpl.java:43)
	at java.lang.reflect.Method.invoke(Method.java:498)
	at org.testng.internal.MethodInvocationHelper.invokeMethod(MethodInvocationHelper.java:100)
	at org.testng.internal.Invoker.invokeMethod(Invoker.java:646)
	at org.testng.internal.Invoker.invokeTestMethod(Invoker.java:811)
	at org.testng.internal.Invoker.invokeTestMethods(Invoker.java:1129)
	at org.testng.internal.TestMethodWorker.invokeTestMethods(TestMethodWorker.java:129)
	at org.testng.internal.TestMethodWorker.run(TestMethodWorker.java:112)
	at org.testng.TestRunner.privateRun(TestRunner.java:746)
	at org.testng.TestRunner.run(TestRunner.java:600)
	at org.testng.SuiteRunner.runTest(SuiteRunner.java:366)
	at org.testng.SuiteRunner.runSequentially(SuiteRunner.java:361)
	at org.testng.SuiteRunner.privateRun(SuiteRunner.java:319)
	at org.testng.SuiteRunner.run(SuiteRunner.java:268)
	at org.testng.SuiteRunnerWorker.runSuite(SuiteRunnerWorker.java:52)
	at org.testng.SuiteRunnerWorker.run(SuiteRunnerWorker.java:86)
	at org.testng.TestNG.runSuitesSequentially(TestNG.java:1264)
	at org.testng.TestNG.runSuitesLocally(TestNG.java:1189)
	at org.testng.TestNG.runSuites(TestNG.java:1104)
	at org.testng.TestNG.run(TestNG.java:1076)
	at org.testng.remote.AbstractRemoteTestNG.run(AbstractRemoteTestNG.java:126)
	at org.testng.remote.RemoteTestNG.initAndRun(RemoteTestNG.java:152)
	at org.testng.remote.RemoteTestNG.main(RemoteTestNG.java:57)
]]>
            </full-stacktrace>
          </exception> <!-- java.lang.NullPointerException -->
          <reporter-output>
          </reporter-output>
        </test-method> <!-- verifyBannerTextIsDisplayed -->
        <test-method status="FAIL" signature="videoPlay()[pri:1, instance:com.IntegrativeNutrition.Marketing.Tests.Web.ThankYouPagesTest@6eebc39e]" name="videoPlay" duration-ms="5" started-at="2016-08-02T02:20:47Z" finished-at="2016-08-02T02:20:47Z">
          <exception class="java.lang.NullPointerException">
            <full-stacktrace>
              <![CDATA[java.lang.NullPointerException
	at com.IntegrativeNutrition.Marketing.Pages.Screens.ClassThankYou(Screens.java:107)
	at com.IntegrativeNutrition.Marketing.Tests.Web.ThankYouPagesTest.videoPlay(ThankYouPagesTest.java:41)
	at sun.reflect.NativeMethodAccessorImpl.invoke0(Native Method)
	at sun.reflect.NativeMethodAccessorImpl.invoke(NativeMethodAccessorImpl.java:62)
	at sun.reflect.DelegatingMethodAccessorImpl.invoke(DelegatingMethodAccessorImpl.java:43)
	at java.lang.reflect.Method.invoke(Method.java:498)
	at org.testng.internal.MethodInvocationHelper.invokeMethod(MethodInvocationHelper.java:100)
	at org.testng.internal.Invoker.invokeMethod(Invoker.java:646)
	at org.testng.internal.Invoker.invokeTestMethod(Invoker.java:811)
	at org.testng.internal.Invoker.invokeTestMethods(Invoker.java:1129)
	at org.testng.internal.TestMethodWorker.invokeTestMethods(TestMethodWorker.java:129)
	at org.testng.internal.TestMethodWorker.run(TestMethodWorker.java:112)
	at org.testng.TestRunner.privateRun(TestRunner.java:746)
	at org.testng.TestRunner.run(TestRunner.java:600)
	at org.testng.SuiteRunner.runTest(SuiteRunner.java:366)
	at org.testng.SuiteRunner.runSequentially(SuiteRunner.java:361)
	at org.testng.SuiteRunner.privateRun(SuiteRunner.java:319)
	at org.testng.SuiteRunner.run(SuiteRunner.java:268)
	at org.testng.SuiteRunnerWorker.runSuite(SuiteRunnerWorker.java:52)
	at org.testng.SuiteRunnerWorker.run(SuiteRunnerWorker.java:86)
	at org.testng.TestNG.runSuitesSequentially(TestNG.java:1264)
	at org.testng.TestNG.runSuitesLocally(TestNG.java:1189)
	at org.testng.TestNG.runSuites(TestNG.java:1104)
	at org.testng.TestNG.run(TestNG.java:1076)
	at org.testng.remote.AbstractRemoteTestNG.run(AbstractRemoteTestNG.java:126)
	at org.testng.remote.RemoteTestNG.initAndRun(RemoteTestNG.java:152)
	at org.testng.remote.RemoteTestNG.main(RemoteTestNG.java:57)
]]>
            </full-stacktrace>
          </exception> <!-- java.lang.NullPointerException -->
          <reporter-output>
          </reporter-output>
        </test-method> <!-- videoPlay -->
        <test-method status="PASS" signature="TestCleanUp()[pri:0, instance:com.IntegrativeNutrition.Marketing.Tests.Web.ThankYouPagesTest@6eebc39e]" name="TestCleanUp" is-config="true" duration-ms="0" started-at="2016-08-02T02:20:47Z" finished-at="2016-08-02T02:20:47Z">
          <reporter-output>
          </reporter-output>
        </test-method> <!-- TestCleanUp -->
      </class> <!-- com.IntegrativeNutrition.Marketing.Tests.Web.ThankYouPagesTest -->
    </test> <!-- Default test -->
  </suite> <!-- Default suite -->
</testng-results>
