<?xml version="1.0" encoding="UTF-8"?>
<testng-results skipped="8" failed="0" total="8" passed="0">
  <reporter-output>
  </reporter-output>
  <suite name="Default suite" duration-ms="376" started-at="2016-06-30T01:46:14Z" finished-at="2016-06-30T01:46:14Z">
    <groups>
      <group name="web">
        <method signature="FooterSocialMediaTest.assertCorrectAmazonLinkIcon()[pri:1, instance:com.IntegrativeNutrition.Marketing.Tests.Web.FooterSocialMediaTest@ff5b51f]" name="assertCorrectAmazonLinkIcon" class="com.IntegrativeNutrition.Marketing.Tests.Web.FooterSocialMediaTest"/>
        <method signature="FooterSocialMediaTest.assertCorrectFacebookLinkIcon()[pri:1, instance:com.IntegrativeNutrition.Marketing.Tests.Web.FooterSocialMediaTest@ff5b51f]" name="assertCorrectFacebookLinkIcon" class="com.IntegrativeNutrition.Marketing.Tests.Web.FooterSocialMediaTest"/>
        <method signature="FooterSocialMediaTest.assertCorrectGooglePlusLinkIcon()[pri:1, instance:com.IntegrativeNutrition.Marketing.Tests.Web.FooterSocialMediaTest@ff5b51f]" name="assertCorrectGooglePlusLinkIcon" class="com.IntegrativeNutrition.Marketing.Tests.Web.FooterSocialMediaTest"/>
        <method signature="FooterSocialMediaTest.assertCorrectInstagramLinkIcon()[pri:1, instance:com.IntegrativeNutrition.Marketing.Tests.Web.FooterSocialMediaTest@ff5b51f]" name="assertCorrectInstagramLinkIcon" class="com.IntegrativeNutrition.Marketing.Tests.Web.FooterSocialMediaTest"/>
        <method signature="FooterSocialMediaTest.assertCorrectLinkedInLinkIcon()[pri:1, instance:com.IntegrativeNutrition.Marketing.Tests.Web.FooterSocialMediaTest@ff5b51f]" name="assertCorrectLinkedInLinkIcon" class="com.IntegrativeNutrition.Marketing.Tests.Web.FooterSocialMediaTest"/>
        <method signature="FooterSocialMediaTest.assertCorrectPinterestLinkIcon()[pri:1, instance:com.IntegrativeNutrition.Marketing.Tests.Web.FooterSocialMediaTest@ff5b51f]" name="assertCorrectPinterestLinkIcon" class="com.IntegrativeNutrition.Marketing.Tests.Web.FooterSocialMediaTest"/>
        <method signature="FooterSocialMediaTest.assertCorrectTwitterLinkIcon()[pri:1, instance:com.IntegrativeNutrition.Marketing.Tests.Web.FooterSocialMediaTest@ff5b51f]" name="assertCorrectTwitterLinkIcon" class="com.IntegrativeNutrition.Marketing.Tests.Web.FooterSocialMediaTest"/>
        <method signature="FooterSocialMediaTest.assertCorrectYouTubeLinkIcon()[pri:1, instance:com.IntegrativeNutrition.Marketing.Tests.Web.FooterSocialMediaTest@ff5b51f]" name="assertCorrectYouTubeLinkIcon" class="com.IntegrativeNutrition.Marketing.Tests.Web.FooterSocialMediaTest"/>
      </group> <!-- web -->
      <group name="web.critical">
        <method signature="FooterSocialMediaTest.assertCorrectAmazonLinkIcon()[pri:1, instance:com.IntegrativeNutrition.Marketing.Tests.Web.FooterSocialMediaTest@ff5b51f]" name="assertCorrectAmazonLinkIcon" class="com.IntegrativeNutrition.Marketing.Tests.Web.FooterSocialMediaTest"/>
        <method signature="FooterSocialMediaTest.assertCorrectFacebookLinkIcon()[pri:1, instance:com.IntegrativeNutrition.Marketing.Tests.Web.FooterSocialMediaTest@ff5b51f]" name="assertCorrectFacebookLinkIcon" class="com.IntegrativeNutrition.Marketing.Tests.Web.FooterSocialMediaTest"/>
        <method signature="FooterSocialMediaTest.assertCorrectGooglePlusLinkIcon()[pri:1, instance:com.IntegrativeNutrition.Marketing.Tests.Web.FooterSocialMediaTest@ff5b51f]" name="assertCorrectGooglePlusLinkIcon" class="com.IntegrativeNutrition.Marketing.Tests.Web.FooterSocialMediaTest"/>
        <method signature="FooterSocialMediaTest.assertCorrectInstagramLinkIcon()[pri:1, instance:com.IntegrativeNutrition.Marketing.Tests.Web.FooterSocialMediaTest@ff5b51f]" name="assertCorrectInstagramLinkIcon" class="com.IntegrativeNutrition.Marketing.Tests.Web.FooterSocialMediaTest"/>
        <method signature="FooterSocialMediaTest.assertCorrectLinkedInLinkIcon()[pri:1, instance:com.IntegrativeNutrition.Marketing.Tests.Web.FooterSocialMediaTest@ff5b51f]" name="assertCorrectLinkedInLinkIcon" class="com.IntegrativeNutrition.Marketing.Tests.Web.FooterSocialMediaTest"/>
        <method signature="FooterSocialMediaTest.assertCorrectPinterestLinkIcon()[pri:1, instance:com.IntegrativeNutrition.Marketing.Tests.Web.FooterSocialMediaTest@ff5b51f]" name="assertCorrectPinterestLinkIcon" class="com.IntegrativeNutrition.Marketing.Tests.Web.FooterSocialMediaTest"/>
        <method signature="FooterSocialMediaTest.assertCorrectTwitterLinkIcon()[pri:1, instance:com.IntegrativeNutrition.Marketing.Tests.Web.FooterSocialMediaTest@ff5b51f]" name="assertCorrectTwitterLinkIcon" class="com.IntegrativeNutrition.Marketing.Tests.Web.FooterSocialMediaTest"/>
        <method signature="FooterSocialMediaTest.assertCorrectYouTubeLinkIcon()[pri:1, instance:com.IntegrativeNutrition.Marketing.Tests.Web.FooterSocialMediaTest@ff5b51f]" name="assertCorrectYouTubeLinkIcon" class="com.IntegrativeNutrition.Marketing.Tests.Web.FooterSocialMediaTest"/>
      </group> <!-- web.critical -->
    </groups>
    <test name="Default test" duration-ms="376" started-at="2016-06-30T01:46:14Z" finished-at="2016-06-30T01:46:14Z">
      <class name="com.IntegrativeNutrition.Marketing.Tests.Web.FooterSocialMediaTest">
        <test-method status="FAIL" signature="TestSetup()[pri:0, instance:com.IntegrativeNutrition.Marketing.Tests.Web.FooterSocialMediaTest@ff5b51f]" name="TestSetup" is-config="true" duration-ms="0" started-at="2016-06-29T21:46:14Z" finished-at="2016-06-29T21:46:14Z">
          <exception class="java.lang.Error">
            <message>
              <![CDATA[Unresolved compilation problem: 
	The method StartEnvironment(String, String, String, String, String) in the type TestEnvironment is not applicable for the arguments (String, String, String, String, String, String, String)
]]>
            </message>
            <full-stacktrace>
              <![CDATA[java.lang.Error: Unresolved compilation problem: 
	The method StartEnvironment(String, String, String, String, String) in the type TestEnvironment is not applicable for the arguments (String, String, String, String, String, String, String)

	at com.IntegrativeNutrition.Marketing.Tests.Common.TestStarter.TestSetup(TestStarter.java:22)
	at sun.reflect.NativeMethodAccessorImpl.invoke0(Native Method)
	at sun.reflect.NativeMethodAccessorImpl.invoke(NativeMethodAccessorImpl.java:62)
	at sun.reflect.DelegatingMethodAccessorImpl.invoke(DelegatingMethodAccessorImpl.java:43)
	at java.lang.reflect.Method.invoke(Method.java:498)
	at org.testng.internal.MethodInvocationHelper.invokeMethod(MethodInvocationHelper.java:86)
	at org.testng.internal.Invoker.invokeConfigurationMethod(Invoker.java:515)
	at org.testng.internal.Invoker.invokeConfigurations(Invoker.java:216)
	at org.testng.internal.Invoker.invokeConfigurations(Invoker.java:143)
	at org.testng.internal.TestMethodWorker.invokeBeforeClassMethods(TestMethodWorker.java:178)
	at org.testng.internal.TestMethodWorker.run(TestMethodWorker.java:108)
	at org.testng.TestRunner.privateRun(TestRunner.java:778)
	at org.testng.TestRunner.run(TestRunner.java:632)
	at org.testng.SuiteRunner.runTest(SuiteRunner.java:366)
	at org.testng.SuiteRunner.runSequentially(SuiteRunner.java:361)
	at org.testng.SuiteRunner.privateRun(SuiteRunner.java:319)
	at org.testng.SuiteRunner.run(SuiteRunner.java:268)
	at org.testng.SuiteRunnerWorker.runSuite(SuiteRunnerWorker.java:52)
	at org.testng.SuiteRunnerWorker.run(SuiteRunnerWorker.java:86)
	at org.testng.TestNG.runSuitesSequentially(TestNG.java:1225)
	at org.testng.TestNG.runSuitesLocally(TestNG.java:1150)
	at org.testng.TestNG.runSuites(TestNG.java:1075)
	at org.testng.TestNG.run(TestNG.java:1047)
	at org.testng.remote.AbstractRemoteTestNG.run(AbstractRemoteTestNG.java:126)
	at org.testng.remote.RemoteTestNG.initAndRun(RemoteTestNG.java:137)
	at org.testng.remote.RemoteTestNG.main(RemoteTestNG.java:58)
]]>
            </full-stacktrace>
          </exception> <!-- java.lang.Error -->
          <reporter-output>
          </reporter-output>
        </test-method> <!-- TestSetup -->
        <test-method status="SKIP" signature="assertCorrectAmazonLinkIcon()[pri:1, instance:com.IntegrativeNutrition.Marketing.Tests.Web.FooterSocialMediaTest@ff5b51f]" name="assertCorrectAmazonLinkIcon" duration-ms="6" started-at="2016-06-29T21:46:14Z" finished-at="2016-06-29T21:46:14Z">
          <reporter-output>
          </reporter-output>
        </test-method> <!-- assertCorrectAmazonLinkIcon -->
        <test-method status="SKIP" signature="assertCorrectFacebookLinkIcon()[pri:1, instance:com.IntegrativeNutrition.Marketing.Tests.Web.FooterSocialMediaTest@ff5b51f]" name="assertCorrectFacebookLinkIcon" duration-ms="6" started-at="2016-06-29T21:46:14Z" finished-at="2016-06-29T21:46:14Z">
          <reporter-output>
          </reporter-output>
        </test-method> <!-- assertCorrectFacebookLinkIcon -->
        <test-method status="SKIP" signature="assertCorrectGooglePlusLinkIcon()[pri:1, instance:com.IntegrativeNutrition.Marketing.Tests.Web.FooterSocialMediaTest@ff5b51f]" name="assertCorrectGooglePlusLinkIcon" duration-ms="10" started-at="2016-06-29T21:46:14Z" finished-at="2016-06-29T21:46:14Z">
          <reporter-output>
          </reporter-output>
        </test-method> <!-- assertCorrectGooglePlusLinkIcon -->
        <test-method status="SKIP" signature="assertCorrectInstagramLinkIcon()[pri:1, instance:com.IntegrativeNutrition.Marketing.Tests.Web.FooterSocialMediaTest@ff5b51f]" name="assertCorrectInstagramLinkIcon" duration-ms="5" started-at="2016-06-29T21:46:14Z" finished-at="2016-06-29T21:46:14Z">
          <reporter-output>
          </reporter-output>
        </test-method> <!-- assertCorrectInstagramLinkIcon -->
        <test-method status="SKIP" signature="assertCorrectLinkedInLinkIcon()[pri:1, instance:com.IntegrativeNutrition.Marketing.Tests.Web.FooterSocialMediaTest@ff5b51f]" name="assertCorrectLinkedInLinkIcon" duration-ms="3" started-at="2016-06-29T21:46:14Z" finished-at="2016-06-29T21:46:14Z">
          <reporter-output>
          </reporter-output>
        </test-method> <!-- assertCorrectLinkedInLinkIcon -->
        <test-method status="SKIP" signature="assertCorrectPinterestLinkIcon()[pri:1, instance:com.IntegrativeNutrition.Marketing.Tests.Web.FooterSocialMediaTest@ff5b51f]" name="assertCorrectPinterestLinkIcon" duration-ms="10" started-at="2016-06-29T21:46:14Z" finished-at="2016-06-29T21:46:14Z">
          <reporter-output>
          </reporter-output>
        </test-method> <!-- assertCorrectPinterestLinkIcon -->
        <test-method status="SKIP" signature="assertCorrectTwitterLinkIcon()[pri:1, instance:com.IntegrativeNutrition.Marketing.Tests.Web.FooterSocialMediaTest@ff5b51f]" name="assertCorrectTwitterLinkIcon" duration-ms="7" started-at="2016-06-29T21:46:14Z" finished-at="2016-06-29T21:46:14Z">
          <reporter-output>
          </reporter-output>
        </test-method> <!-- assertCorrectTwitterLinkIcon -->
        <test-method status="SKIP" signature="assertCorrectYouTubeLinkIcon()[pri:1, instance:com.IntegrativeNutrition.Marketing.Tests.Web.FooterSocialMediaTest@ff5b51f]" name="assertCorrectYouTubeLinkIcon" duration-ms="4" started-at="2016-06-29T21:46:14Z" finished-at="2016-06-29T21:46:14Z">
          <reporter-output>
          </reporter-output>
        </test-method> <!-- assertCorrectYouTubeLinkIcon -->
        <test-method status="PASS" signature="TestCleanUp()[pri:0, instance:com.IntegrativeNutrition.Marketing.Tests.Web.FooterSocialMediaTest@ff5b51f]" name="TestCleanUp" is-config="true" duration-ms="37" started-at="2016-06-29T21:46:14Z" finished-at="2016-06-29T21:46:14Z">
          <reporter-output>
          </reporter-output>
        </test-method> <!-- TestCleanUp -->
      </class> <!-- com.IntegrativeNutrition.Marketing.Tests.Web.FooterSocialMediaTest -->
    </test> <!-- Default test -->
  </suite> <!-- Default suite -->
</testng-results>
