<?xml version="1.0" encoding="UTF-8"?>
<!-- Generated by org.testng.reporters.JUnitReportReporter -->
<testsuite hostname="MaleneCruz" name="com.IntegrativeNutrition.Marketing.Tests.Web.FooterSocialMediaTest" tests="14" failures="1" timestamp="29 Jul 2016 16:43:58 GMT" time="170.902" errors="0">
  <testcase name="assertInternationalPhoneNumberIsDisplayed" time="2.294" classname="com.IntegrativeNutrition.Marketing.Tests.Web.FooterSocialMediaTest"/>
  <testcase name="assertFormSubmissionInvalidEmailWorks" time="4.344" classname="com.IntegrativeNutrition.Marketing.Tests.Web.FooterSocialMediaTest"/>
  <testcase name="assertLocalPhoneNumberIsDisplayed" time="9.595" classname="com.IntegrativeNutrition.Marketing.Tests.Web.FooterSocialMediaTest"/>
  <testcase name="assertFormSubmissionInactiveEmailWorks" time="6.525" classname="com.IntegrativeNutrition.Marketing.Tests.Web.FooterSocialMediaTest"/>
  <testcase name="assertCorrectAmazonLinkIcon" time="11.324" classname="com.IntegrativeNutrition.Marketing.Tests.Web.FooterSocialMediaTest">
    <failure type="java.lang.AssertionError" message="expected [true] but found [false]">
      <![CDATA[java.lang.AssertionError: expected [true] but found [false]
	at org.testng.Assert.fail(Assert.java:94)
	at org.testng.Assert.failNotEquals(Assert.java:513)
	at org.testng.Assert.assertTrue(Assert.java:42)
	at org.testng.Assert.assertTrue(Assert.java:52)
	at com.IntegrativeNutrition.Marketing.Tests.Web.FooterSocialMediaTest.assertCorrectAmazonLinkIcon(FooterSocialMediaTest.java:79)
	at sun.reflect.NativeMethodAccessorImpl.invoke0(Native Method)
	at sun.reflect.NativeMethodAccessorImpl.invoke(NativeMethodAccessorImpl.java:62)
	at sun.reflect.DelegatingMethodAccessorImpl.invoke(DelegatingMethodAccessorImpl.java:43)
	at java.lang.reflect.Method.invoke(Method.java:498)
	at org.testng.internal.MethodInvocationHelper.invokeMethod(MethodInvocationHelper.java:100)
	at org.testng.internal.Invoker.invokeMethod(Invoker.java:646)
	at org.testng.internal.Invoker.invokeTestMethod(Invoker.java:811)
	at org.testng.internal.Invoker.invokeTestMethods(Invoker.java:1129)
	at org.testng.internal.TestMethodWorker.invokeTestMethods(TestMethodWorker.java:129)
	at org.testng.internal.TestMethodWorker.run(TestMethodWorker.java:112)
	at org.testng.TestRunner.privateRun(TestRunner.java:746)
	at org.testng.TestRunner.run(TestRunner.java:600)
	at org.testng.SuiteRunner.runTest(SuiteRunner.java:366)
	at org.testng.SuiteRunner.runSequentially(SuiteRunner.java:361)
	at org.testng.SuiteRunner.privateRun(SuiteRunner.java:319)
	at org.testng.SuiteRunner.run(SuiteRunner.java:268)
	at org.testng.SuiteRunnerWorker.runSuite(SuiteRunnerWorker.java:52)
	at org.testng.SuiteRunnerWorker.run(SuiteRunnerWorker.java:86)
	at org.testng.TestNG.runSuitesSequentially(TestNG.java:1264)
	at org.testng.TestNG.runSuitesLocally(TestNG.java:1189)
	at org.testng.TestNG.runSuites(TestNG.java:1104)
	at org.testng.TestNG.run(TestNG.java:1076)
	at org.testng.remote.AbstractRemoteTestNG.run(AbstractRemoteTestNG.java:126)
	at org.testng.remote.RemoteTestNG.initAndRun(RemoteTestNG.java:152)
	at org.testng.remote.RemoteTestNG.main(RemoteTestNG.java:57)
]]>
    </failure>
  </testcase> <!-- assertCorrectAmazonLinkIcon -->
  <testcase name="assertCorrectPinterestLinkIcon" time="19.895" classname="com.IntegrativeNutrition.Marketing.Tests.Web.FooterSocialMediaTest"/>
  <testcase name="assertCorrectLinkedInLinkIcon" time="17.582" classname="com.IntegrativeNutrition.Marketing.Tests.Web.FooterSocialMediaTest"/>
  <testcase name="assertCorrectTwitterLinkIcon" time="19.138" classname="com.IntegrativeNutrition.Marketing.Tests.Web.FooterSocialMediaTest"/>
  <testcase name="assertFormSubmissionNoEmailWorks" time="3.875" classname="com.IntegrativeNutrition.Marketing.Tests.Web.FooterSocialMediaTest"/>
  <testcase name="assertCorrectYouTubeLinkIcon" time="11.234" classname="com.IntegrativeNutrition.Marketing.Tests.Web.FooterSocialMediaTest"/>
  <testcase name="assertCorrectFacebookLinkIcon" time="17.361" classname="com.IntegrativeNutrition.Marketing.Tests.Web.FooterSocialMediaTest"/>
  <testcase name="assertCorrectGooglePlusLinkIcon" time="27.382" classname="com.IntegrativeNutrition.Marketing.Tests.Web.FooterSocialMediaTest"/>
  <testcase name="assertFormSubmissionWorks" time="8.496" classname="com.IntegrativeNutrition.Marketing.Tests.Web.FooterSocialMediaTest"/>
  <testcase name="assertCorrectInstagramLinkIcon" time="11.857" classname="com.IntegrativeNutrition.Marketing.Tests.Web.FooterSocialMediaTest"/>
</testsuite> <!-- com.IntegrativeNutrition.Marketing.Tests.Web.FooterSocialMediaTest -->
